{"/Users/suraj/Documents/GitHub/bootcamp-jan-B2-seeder/Themes/index.ts": {"path":"/Users/suraj/Documents/GitHub/bootcamp-jan-B2-seeder/Themes/index.ts","statementMap":{"0":{"start":{"line":1,"column":0},"end":{"line":1,"column":51}},"1":{"start":{"line":40,"column":14},"end":{"line":246,"column":2}},"2":{"start":{"line":247,"column":0},"end":{"line":247,"column":21}}},"fnMap":{},"branchMap":{},"s":{"0":30,"1":30,"2":30},"f":{},"b":{}}
,"/Users/suraj/Documents/GitHub/bootcamp-jan-B2-seeder/data/TableData.tsx": {"path":"/Users/suraj/Documents/GitHub/bootcamp-jan-B2-seeder/data/TableData.tsx","statementMap":{"0":{"start":{"line":2,"column":13},"end":{"line":83,"column":4}}},"fnMap":{},"branchMap":{},"s":{"0":4},"f":{},"b":{}}
,"/Users/suraj/Documents/GitHub/bootcamp-jan-B2-seeder/public/Asset/Images/ChequeImg.svg": {"path":"/Users/suraj/Documents/GitHub/bootcamp-jan-B2-seeder/public/Asset/Images/ChequeImg.svg","statementMap":{"0":{"start":{"line":1,"column":0},"end":{"line":1,"column":20}}},"fnMap":{},"branchMap":{},"s":{"0":2},"f":{},"b":{},"_coverageSchema":"1a1c01bbd47fc00a2c39e90264f33305004495a9","hash":"8e18e678d3d0654df81787aa1f626546b2be3ec6"}
,"/Users/suraj/Documents/GitHub/bootcamp-jan-B2-seeder/public/Asset/Images/SeederLogo.svg": {"path":"/Users/suraj/Documents/GitHub/bootcamp-jan-B2-seeder/public/Asset/Images/SeederLogo.svg","statementMap":{"0":{"start":{"line":1,"column":0},"end":{"line":1,"column":20}}},"fnMap":{},"branchMap":{},"s":{"0":6},"f":{},"b":{},"_coverageSchema":"1a1c01bbd47fc00a2c39e90264f33305004495a9","hash":"c9dee976cc6e8eb61c2e6d2bba393ebf2c30f116"}
,"/Users/suraj/Documents/GitHub/bootcamp-jan-B2-seeder/public/Asset/Images/Text Button.svg": {"path":"/Users/suraj/Documents/GitHub/bootcamp-jan-B2-seeder/public/Asset/Images/Text Button.svg","statementMap":{"0":{"start":{"line":1,"column":0},"end":{"line":1,"column":20}}},"fnMap":{},"branchMap":{},"s":{"0":2},"f":{},"b":{},"_coverageSchema":"1a1c01bbd47fc00a2c39e90264f33305004495a9","hash":"231b04e00b8133de522974d46cbe7fe39a9a906e"}
,"/Users/suraj/Documents/GitHub/bootcamp-jan-B2-seeder/public/Asset/Images/arrow-bottom.svg": {"path":"/Users/suraj/Documents/GitHub/bootcamp-jan-B2-seeder/public/Asset/Images/arrow-bottom.svg","statementMap":{"0":{"start":{"line":1,"column":0},"end":{"line":1,"column":20}}},"fnMap":{},"branchMap":{},"s":{"0":1},"f":{},"b":{},"_coverageSchema":"1a1c01bbd47fc00a2c39e90264f33305004495a9","hash":"dac52bb3a39e9cafb672463a71ea4e445a02e243"}
,"/Users/suraj/Documents/GitHub/bootcamp-jan-B2-seeder/public/Asset/Images/avatar+icon.svg": {"path":"/Users/suraj/Documents/GitHub/bootcamp-jan-B2-seeder/public/Asset/Images/avatar+icon.svg","statementMap":{"0":{"start":{"line":1,"column":0},"end":{"line":1,"column":20}}},"fnMap":{},"branchMap":{},"s":{"0":8},"f":{},"b":{},"_coverageSchema":"1a1c01bbd47fc00a2c39e90264f33305004495a9","hash":"e17eafcb1b40acd7d43261d0729a6248338dd68c"}
,"/Users/suraj/Documents/GitHub/bootcamp-jan-B2-seeder/public/Asset/Images/calendar.svg": {"path":"/Users/suraj/Documents/GitHub/bootcamp-jan-B2-seeder/public/Asset/Images/calendar.svg","statementMap":{"0":{"start":{"line":1,"column":0},"end":{"line":1,"column":20}}},"fnMap":{},"branchMap":{},"s":{"0":3},"f":{},"b":{},"_coverageSchema":"1a1c01bbd47fc00a2c39e90264f33305004495a9","hash":"9b88005f81dbbdbd2ea34e2ed0a8f4522036e242"}
,"/Users/suraj/Documents/GitHub/bootcamp-jan-B2-seeder/public/Asset/Images/checked_icon.svg": {"path":"/Users/suraj/Documents/GitHub/bootcamp-jan-B2-seeder/public/Asset/Images/checked_icon.svg","statementMap":{"0":{"start":{"line":1,"column":0},"end":{"line":1,"column":20}}},"fnMap":{},"branchMap":{},"s":{"0":3},"f":{},"b":{},"_coverageSchema":"1a1c01bbd47fc00a2c39e90264f33305004495a9","hash":"086e3176c20b0335fa257067dfdf4726a8464320"}
,"/Users/suraj/Documents/GitHub/bootcamp-jan-B2-seeder/public/Asset/Images/circular-progress.svg": {"path":"/Users/suraj/Documents/GitHub/bootcamp-jan-B2-seeder/public/Asset/Images/circular-progress.svg","statementMap":{"0":{"start":{"line":1,"column":0},"end":{"line":1,"column":20}}},"fnMap":{},"branchMap":{},"s":{"0":1},"f":{},"b":{},"_coverageSchema":"1a1c01bbd47fc00a2c39e90264f33305004495a9","hash":"dedf8f066a49d46486ad7467837159e1144cfd2b"}
,"/Users/suraj/Documents/GitHub/bootcamp-jan-B2-seeder/public/Asset/Images/coin.svg": {"path":"/Users/suraj/Documents/GitHub/bootcamp-jan-B2-seeder/public/Asset/Images/coin.svg","statementMap":{"0":{"start":{"line":1,"column":0},"end":{"line":1,"column":20}}},"fnMap":{},"branchMap":{},"s":{"0":6},"f":{},"b":{},"_coverageSchema":"1a1c01bbd47fc00a2c39e90264f33305004495a9","hash":"e48b309ef1128ea78fcb6fb1904a325986202a55"}
,"/Users/suraj/Documents/GitHub/bootcamp-jan-B2-seeder/public/Asset/Images/document-download.svg": {"path":"/Users/suraj/Documents/GitHub/bootcamp-jan-B2-seeder/public/Asset/Images/document-download.svg","statementMap":{"0":{"start":{"line":1,"column":0},"end":{"line":1,"column":20}}},"fnMap":{},"branchMap":{},"s":{"0":3},"f":{},"b":{},"_coverageSchema":"1a1c01bbd47fc00a2c39e90264f33305004495a9","hash":"c0cdf5ed54d9fb065bf5037cef3fd08e414892c1"}
,"/Users/suraj/Documents/GitHub/bootcamp-jan-B2-seeder/public/Asset/Images/flash.svg": {"path":"/Users/suraj/Documents/GitHub/bootcamp-jan-B2-seeder/public/Asset/Images/flash.svg","statementMap":{"0":{"start":{"line":1,"column":0},"end":{"line":1,"column":20}}},"fnMap":{},"branchMap":{},"s":{"0":6},"f":{},"b":{},"_coverageSchema":"1a1c01bbd47fc00a2c39e90264f33305004495a9","hash":"3ca805d9f84cd6532f2ab2be8639bbd2513c5821"}
,"/Users/suraj/Documents/GitHub/bootcamp-jan-B2-seeder/public/Asset/Images/home.svg": {"path":"/Users/suraj/Documents/GitHub/bootcamp-jan-B2-seeder/public/Asset/Images/home.svg","statementMap":{"0":{"start":{"line":1,"column":0},"end":{"line":1,"column":20}}},"fnMap":{},"branchMap":{},"s":{"0":6},"f":{},"b":{},"_coverageSchema":"1a1c01bbd47fc00a2c39e90264f33305004495a9","hash":"20a0fa8b08d40ce8f40a5f902dc6e97c3d499d64"}
,"/Users/suraj/Documents/GitHub/bootcamp-jan-B2-seeder/public/Asset/Images/homepage.svg": {"path":"/Users/suraj/Documents/GitHub/bootcamp-jan-B2-seeder/public/Asset/Images/homepage.svg","statementMap":{"0":{"start":{"line":1,"column":0},"end":{"line":1,"column":20}}},"fnMap":{},"branchMap":{},"s":{"0":3},"f":{},"b":{},"_coverageSchema":"1a1c01bbd47fc00a2c39e90264f33305004495a9","hash":"555471ea0239c2ca89b6db5988e78844ffea96eb"}
,"/Users/suraj/Documents/GitHub/bootcamp-jan-B2-seeder/public/Asset/Images/info-circle.svg": {"path":"/Users/suraj/Documents/GitHub/bootcamp-jan-B2-seeder/public/Asset/Images/info-circle.svg","statementMap":{"0":{"start":{"line":1,"column":0},"end":{"line":1,"column":20}}},"fnMap":{},"branchMap":{},"s":{"0":2},"f":{},"b":{},"_coverageSchema":"1a1c01bbd47fc00a2c39e90264f33305004495a9","hash":"7f1606b0544f8d82841138ab316675a802783f25"}
,"/Users/suraj/Documents/GitHub/bootcamp-jan-B2-seeder/public/Asset/Images/minus-square.svg": {"path":"/Users/suraj/Documents/GitHub/bootcamp-jan-B2-seeder/public/Asset/Images/minus-square.svg","statementMap":{"0":{"start":{"line":1,"column":0},"end":{"line":1,"column":20}}},"fnMap":{},"branchMap":{},"s":{"0":3},"f":{},"b":{},"_coverageSchema":"1a1c01bbd47fc00a2c39e90264f33305004495a9","hash":"73cbd966182b72909a2d894f91716b9c92b481b8"}
,"/Users/suraj/Documents/GitHub/bootcamp-jan-B2-seeder/public/Asset/Images/percentage-square.svg": {"path":"/Users/suraj/Documents/GitHub/bootcamp-jan-B2-seeder/public/Asset/Images/percentage-square.svg","statementMap":{"0":{"start":{"line":1,"column":0},"end":{"line":1,"column":20}}},"fnMap":{},"branchMap":{},"s":{"0":3},"f":{},"b":{},"_coverageSchema":"1a1c01bbd47fc00a2c39e90264f33305004495a9","hash":"81698f769d79b5296843f94048da66937249e546"}
,"/Users/suraj/Documents/GitHub/bootcamp-jan-B2-seeder/public/Asset/Images/receipt-text.svg": {"path":"/Users/suraj/Documents/GitHub/bootcamp-jan-B2-seeder/public/Asset/Images/receipt-text.svg","statementMap":{"0":{"start":{"line":1,"column":0},"end":{"line":1,"column":20}}},"fnMap":{},"branchMap":{},"s":{"0":2},"f":{},"b":{},"_coverageSchema":"1a1c01bbd47fc00a2c39e90264f33305004495a9","hash":"8c4ebd613112932c7d81b3a89ac45d299ca99d69"}
,"/Users/suraj/Documents/GitHub/bootcamp-jan-B2-seeder/public/Asset/Images/refresh-2.svg": {"path":"/Users/suraj/Documents/GitHub/bootcamp-jan-B2-seeder/public/Asset/Images/refresh-2.svg","statementMap":{"0":{"start":{"line":1,"column":0},"end":{"line":1,"column":20}}},"fnMap":{},"branchMap":{},"s":{"0":2},"f":{},"b":{},"_coverageSchema":"1a1c01bbd47fc00a2c39e90264f33305004495a9","hash":"bd72c4da6e4a14d6bebda7547f22a9073ed783c2"}
,"/Users/suraj/Documents/GitHub/bootcamp-jan-B2-seeder/public/Asset/Images/review-gif.svg": {"path":"/Users/suraj/Documents/GitHub/bootcamp-jan-B2-seeder/public/Asset/Images/review-gif.svg","statementMap":{"0":{"start":{"line":1,"column":0},"end":{"line":1,"column":20}}},"fnMap":{},"branchMap":{},"s":{"0":1},"f":{},"b":{},"_coverageSchema":"1a1c01bbd47fc00a2c39e90264f33305004495a9","hash":"2235bd69786fdabd10d5a0054e5b4d3af44be868"}
,"/Users/suraj/Documents/GitHub/bootcamp-jan-B2-seeder/public/Asset/Images/tag.svg": {"path":"/Users/suraj/Documents/GitHub/bootcamp-jan-B2-seeder/public/Asset/Images/tag.svg","statementMap":{"0":{"start":{"line":1,"column":0},"end":{"line":1,"column":20}}},"fnMap":{},"branchMap":{},"s":{"0":2},"f":{},"b":{},"_coverageSchema":"1a1c01bbd47fc00a2c39e90264f33305004495a9","hash":"7525251bf24bbc8a46d20e9e4b77e0c01463d4c8"}
,"/Users/suraj/Documents/GitHub/bootcamp-jan-B2-seeder/public/Asset/Images/unchecked_icon.svg": {"path":"/Users/suraj/Documents/GitHub/bootcamp-jan-B2-seeder/public/Asset/Images/unchecked_icon.svg","statementMap":{"0":{"start":{"line":1,"column":0},"end":{"line":1,"column":20}}},"fnMap":{},"branchMap":{},"s":{"0":3},"f":{},"b":{},"_coverageSchema":"1a1c01bbd47fc00a2c39e90264f33305004495a9","hash":"2467668a1d17e9b6c66e6dd9dd6c29fcdeda7190"}
,"/Users/suraj/Documents/GitHub/bootcamp-jan-B2-seeder/src/StyleComponent.tsx": {"path":"/Users/suraj/Documents/GitHub/bootcamp-jan-B2-seeder/src/StyleComponent.tsx","statementMap":{"0":{"start":{"line":1,"column":0},"end":{"line":1,"column":36}},"1":{"start":{"line":3,"column":0},"end":{"line":3,"column":29}},"2":{"start":{"line":5,"column":0},"end":{"line":5,"column":48}},"3":{"start":{"line":7,"column":13},"end":{"line":12,"column":null}},"4":{"start":{"line":13,"column":13},"end":{"line":19,"column":null}},"5":{"start":{"line":20,"column":13},"end":{"line":26,"column":null}},"6":{"start":{"line":28,"column":13},"end":{"line":35,"column":null}},"7":{"start":{"line":36,"column":13},"end":{"line":43,"column":null}},"8":{"start":{"line":44,"column":13},"end":{"line":49,"column":null}},"9":{"start":{"line":50,"column":13},"end":{"line":56,"column":null}},"10":{"start":{"line":57,"column":13},"end":{"line":63,"column":null}},"11":{"start":{"line":64,"column":13},"end":{"line":71,"column":null}},"12":{"start":{"line":72,"column":13},"end":{"line":78,"column":null}},"13":{"start":{"line":79,"column":13},"end":{"line":82,"column":null}},"14":{"start":{"line":83,"column":13},"end":{"line":88,"column":null}},"15":{"start":{"line":89,"column":13},"end":{"line":97,"column":null}},"16":{"start":{"line":98,"column":13},"end":{"line":104,"column":null}},"17":{"start":{"line":106,"column":13},"end":{"line":110,"column":null}},"18":{"start":{"line":111,"column":13},"end":{"line":122,"column":null}},"19":{"start":{"line":123,"column":13},"end":{"line":131,"column":null}},"20":{"start":{"line":132,"column":13},"end":{"line":141,"column":null}},"21":{"start":{"line":142,"column":13},"end":{"line":148,"column":null}},"22":{"start":{"line":149,"column":13},"end":{"line":153,"column":null}},"23":{"start":{"line":154,"column":13},"end":{"line":169,"column":null}},"24":{"start":{"line":171,"column":13},"end":{"line":184,"column":null}},"25":{"start":{"line":186,"column":13},"end":{"line":192,"column":null}},"26":{"start":{"line":193,"column":13},"end":{"line":198,"column":null}},"27":{"start":{"line":199,"column":13},"end":{"line":205,"column":null}},"28":{"start":{"line":206,"column":13},"end":{"line":215,"column":null}},"29":{"start":{"line":216,"column":13},"end":{"line":224,"column":null}},"30":{"start":{"line":226,"column":13},"end":{"line":233,"column":null}},"31":{"start":{"line":234,"column":13},"end":{"line":243,"column":null}},"32":{"start":{"line":244,"column":13},"end":{"line":246,"column":null}},"33":{"start":{"line":247,"column":13},"end":{"line":251,"column":null}},"34":{"start":{"line":252,"column":13},"end":{"line":255,"column":null}},"35":{"start":{"line":256,"column":13},"end":{"line":259,"column":null}},"36":{"start":{"line":260,"column":13},"end":{"line":267,"column":null}},"37":{"start":{"line":268,"column":13},"end":{"line":280,"column":null}},"38":{"start":{"line":282,"column":13},"end":{"line":286,"column":null}},"39":{"start":{"line":288,"column":13},"end":{"line":294,"column":null}},"40":{"start":{"line":296,"column":13},"end":{"line":303,"column":null}},"41":{"start":{"line":305,"column":13},"end":{"line":312,"column":null}},"42":{"start":{"line":337,"column":13},"end":{"line":342,"column":null}},"43":{"start":{"line":343,"column":13},"end":{"line":350,"column":null}},"44":{"start":{"line":351,"column":13},"end":{"line":357,"column":null}},"45":{"start":{"line":358,"column":13},"end":{"line":364,"column":null}},"46":{"start":{"line":366,"column":13},"end":{"line":370,"column":null}},"47":{"start":{"line":371,"column":13},"end":{"line":375,"column":null}},"48":{"start":{"line":376,"column":13},"end":{"line":391,"column":null}},"49":{"start":{"line":392,"column":13},"end":{"line":407,"column":null}},"50":{"start":{"line":408,"column":13},"end":{"line":413,"column":null}},"51":{"start":{"line":414,"column":13},"end":{"line":418,"column":null}},"52":{"start":{"line":419,"column":13},"end":{"line":424,"column":null}},"53":{"start":{"line":425,"column":13},"end":{"line":431,"column":null}},"54":{"start":{"line":432,"column":13},"end":{"line":446,"column":null}},"55":{"start":{"line":447,"column":13},"end":{"line":459,"column":null}},"56":{"start":{"line":460,"column":13},"end":{"line":475,"column":null}},"57":{"start":{"line":476,"column":13},"end":{"line":485,"column":null}},"58":{"start":{"line":487,"column":13},"end":{"line":499,"column":null}}},"fnMap":{},"branchMap":{"0":{"loc":{"start":{"line":13,"column":43},"end":{"line":19,"column":null}},"type":"binary-expr","locations":[{"start":{"line":13,"column":43},"end":{"line":13,"column":null}},{"start":{"line":13,"column":43},"end":{"line":19,"column":null}}]},"1":{"loc":{"start":{"line":20,"column":35},"end":{"line":26,"column":null}},"type":"binary-expr","locations":[{"start":{"line":20,"column":35},"end":{"line":20,"column":null}},{"start":{"line":20,"column":35},"end":{"line":26,"column":null}}]},"2":{"loc":{"start":{"line":28,"column":39},"end":{"line":35,"column":null}},"type":"binary-expr","locations":[{"start":{"line":28,"column":39},"end":{"line":28,"column":null}},{"start":{"line":28,"column":39},"end":{"line":35,"column":null}}]},"3":{"loc":{"start":{"line":36,"column":36},"end":{"line":43,"column":null}},"type":"binary-expr","locations":[{"start":{"line":36,"column":36},"end":{"line":36,"column":null}},{"start":{"line":36,"column":36},"end":{"line":43,"column":null}}]},"4":{"loc":{"start":{"line":44,"column":45},"end":{"line":49,"column":null}},"type":"binary-expr","locations":[{"start":{"line":44,"column":45},"end":{"line":44,"column":null}},{"start":{"line":44,"column":45},"end":{"line":49,"column":null}}]},"5":{"loc":{"start":{"line":50,"column":38},"end":{"line":56,"column":null}},"type":"binary-expr","locations":[{"start":{"line":50,"column":38},"end":{"line":50,"column":null}},{"start":{"line":50,"column":38},"end":{"line":56,"column":null}}]},"6":{"loc":{"start":{"line":57,"column":35},"end":{"line":63,"column":null}},"type":"binary-expr","locations":[{"start":{"line":57,"column":35},"end":{"line":57,"column":null}},{"start":{"line":57,"column":35},"end":{"line":63,"column":null}}]},"7":{"loc":{"start":{"line":64,"column":39},"end":{"line":71,"column":null}},"type":"binary-expr","locations":[{"start":{"line":64,"column":39},"end":{"line":64,"column":null}},{"start":{"line":64,"column":39},"end":{"line":71,"column":null}}]},"8":{"loc":{"start":{"line":72,"column":37},"end":{"line":78,"column":null}},"type":"binary-expr","locations":[{"start":{"line":72,"column":37},"end":{"line":72,"column":null}},{"start":{"line":72,"column":37},"end":{"line":78,"column":null}}]},"9":{"loc":{"start":{"line":79,"column":42},"end":{"line":82,"column":null}},"type":"binary-expr","locations":[{"start":{"line":79,"column":42},"end":{"line":79,"column":null}},{"start":{"line":79,"column":42},"end":{"line":82,"column":null}}]},"10":{"loc":{"start":{"line":83,"column":36},"end":{"line":88,"column":null}},"type":"binary-expr","locations":[{"start":{"line":83,"column":36},"end":{"line":83,"column":null}},{"start":{"line":83,"column":36},"end":{"line":88,"column":null}}]},"11":{"loc":{"start":{"line":89,"column":43},"end":{"line":97,"column":null}},"type":"binary-expr","locations":[{"start":{"line":89,"column":43},"end":{"line":89,"column":null}},{"start":{"line":89,"column":43},"end":{"line":97,"column":null}}]},"12":{"loc":{"start":{"line":98,"column":42},"end":{"line":104,"column":null}},"type":"binary-expr","locations":[{"start":{"line":98,"column":42},"end":{"line":98,"column":null}},{"start":{"line":98,"column":42},"end":{"line":104,"column":null}}]},"13":{"loc":{"start":{"line":106,"column":46},"end":{"line":110,"column":null}},"type":"binary-expr","locations":[{"start":{"line":106,"column":46},"end":{"line":106,"column":null}},{"start":{"line":106,"column":46},"end":{"line":110,"column":null}}]},"14":{"loc":{"start":{"line":111,"column":38},"end":{"line":122,"column":null}},"type":"binary-expr","locations":[{"start":{"line":111,"column":38},"end":{"line":111,"column":null}},{"start":{"line":111,"column":38},"end":{"line":122,"column":null}}]},"15":{"loc":{"start":{"line":123,"column":49},"end":{"line":131,"column":null}},"type":"binary-expr","locations":[{"start":{"line":123,"column":49},"end":{"line":123,"column":null}},{"start":{"line":123,"column":49},"end":{"line":131,"column":null}}]},"16":{"loc":{"start":{"line":132,"column":52},"end":{"line":141,"column":null}},"type":"binary-expr","locations":[{"start":{"line":132,"column":52},"end":{"line":132,"column":null}},{"start":{"line":132,"column":52},"end":{"line":141,"column":null}}]},"17":{"loc":{"start":{"line":142,"column":45},"end":{"line":148,"column":null}},"type":"binary-expr","locations":[{"start":{"line":142,"column":45},"end":{"line":142,"column":null}},{"start":{"line":142,"column":45},"end":{"line":148,"column":null}}]},"18":{"loc":{"start":{"line":149,"column":45},"end":{"line":153,"column":null}},"type":"binary-expr","locations":[{"start":{"line":149,"column":45},"end":{"line":149,"column":null}},{"start":{"line":149,"column":45},"end":{"line":153,"column":null}}]},"19":{"loc":{"start":{"line":154,"column":39},"end":{"line":170,"column":null}},"type":"binary-expr","locations":[{"start":{"line":154,"column":39},"end":{"line":154,"column":null}},{"start":{"line":154,"column":39},"end":{"line":170,"column":null}}]},"20":{"loc":{"start":{"line":171,"column":41},"end":{"line":185,"column":null}},"type":"binary-expr","locations":[{"start":{"line":171,"column":41},"end":{"line":171,"column":null}},{"start":{"line":171,"column":41},"end":{"line":185,"column":null}}]},"21":{"loc":{"start":{"line":186,"column":42},"end":{"line":192,"column":null}},"type":"binary-expr","locations":[{"start":{"line":186,"column":42},"end":{"line":186,"column":null}},{"start":{"line":186,"column":42},"end":{"line":192,"column":null}}]},"22":{"loc":{"start":{"line":193,"column":38},"end":{"line":198,"column":null}},"type":"binary-expr","locations":[{"start":{"line":193,"column":38},"end":{"line":193,"column":null}},{"start":{"line":193,"column":38},"end":{"line":198,"column":null}}]},"23":{"loc":{"start":{"line":199,"column":45},"end":{"line":205,"column":null}},"type":"binary-expr","locations":[{"start":{"line":199,"column":45},"end":{"line":199,"column":null}},{"start":{"line":199,"column":45},"end":{"line":205,"column":null}}]},"24":{"loc":{"start":{"line":206,"column":42},"end":{"line":215,"column":null}},"type":"binary-expr","locations":[{"start":{"line":206,"column":42},"end":{"line":206,"column":null}},{"start":{"line":206,"column":42},"end":{"line":215,"column":null}}]},"25":{"loc":{"start":{"line":216,"column":43},"end":{"line":224,"column":null}},"type":"binary-expr","locations":[{"start":{"line":216,"column":43},"end":{"line":216,"column":null}},{"start":{"line":216,"column":43},"end":{"line":224,"column":null}}]},"26":{"loc":{"start":{"line":351,"column":38},"end":{"line":357,"column":null}},"type":"binary-expr","locations":[{"start":{"line":351,"column":38},"end":{"line":351,"column":null}},{"start":{"line":351,"column":38},"end":{"line":357,"column":null}}]},"27":{"loc":{"start":{"line":358,"column":42},"end":{"line":364,"column":null}},"type":"binary-expr","locations":[{"start":{"line":358,"column":42},"end":{"line":358,"column":null}},{"start":{"line":358,"column":42},"end":{"line":364,"column":null}}]},"28":{"loc":{"start":{"line":366,"column":50},"end":{"line":370,"column":null}},"type":"binary-expr","locations":[{"start":{"line":366,"column":50},"end":{"line":366,"column":null}},{"start":{"line":366,"column":50},"end":{"line":370,"column":null}}]},"29":{"loc":{"start":{"line":371,"column":44},"end":{"line":375,"column":null}},"type":"binary-expr","locations":[{"start":{"line":371,"column":44},"end":{"line":371,"column":null}},{"start":{"line":371,"column":44},"end":{"line":375,"column":null}}]},"30":{"loc":{"start":{"line":376,"column":49},"end":{"line":391,"column":null}},"type":"binary-expr","locations":[{"start":{"line":376,"column":49},"end":{"line":376,"column":null}},{"start":{"line":376,"column":49},"end":{"line":391,"column":null}}]},"31":{"loc":{"start":{"line":392,"column":42},"end":{"line":407,"column":null}},"type":"binary-expr","locations":[{"start":{"line":392,"column":42},"end":{"line":392,"column":null}},{"start":{"line":392,"column":42},"end":{"line":407,"column":null}}]},"32":{"loc":{"start":{"line":408,"column":39},"end":{"line":413,"column":null}},"type":"binary-expr","locations":[{"start":{"line":408,"column":39},"end":{"line":408,"column":null}},{"start":{"line":408,"column":39},"end":{"line":413,"column":null}}]},"33":{"loc":{"start":{"line":414,"column":39},"end":{"line":418,"column":null}},"type":"binary-expr","locations":[{"start":{"line":414,"column":39},"end":{"line":414,"column":null}},{"start":{"line":414,"column":39},"end":{"line":418,"column":null}}]},"34":{"loc":{"start":{"line":419,"column":40},"end":{"line":424,"column":null}},"type":"binary-expr","locations":[{"start":{"line":419,"column":40},"end":{"line":419,"column":null}},{"start":{"line":419,"column":40},"end":{"line":424,"column":null}}]},"35":{"loc":{"start":{"line":425,"column":37},"end":{"line":431,"column":null}},"type":"binary-expr","locations":[{"start":{"line":425,"column":37},"end":{"line":425,"column":null}},{"start":{"line":425,"column":37},"end":{"line":431,"column":null}}]}},"s":{"0":29,"1":29,"2":29,"3":29,"4":29,"5":29,"6":29,"7":29,"8":29,"9":29,"10":29,"11":29,"12":29,"13":29,"14":29,"15":29,"16":29,"17":29,"18":29,"19":29,"20":29,"21":29,"22":29,"23":29,"24":29,"25":29,"26":29,"27":29,"28":29,"29":29,"30":29,"31":29,"32":29,"33":29,"34":29,"35":29,"36":29,"37":29,"38":29,"39":29,"40":29,"41":29,"42":29,"43":29,"44":29,"45":29,"46":29,"47":29,"48":29,"49":29,"50":29,"51":29,"52":29,"53":29,"54":29,"55":29,"56":29,"57":29,"58":29},"f":{},"b":{"0":[29,29],"1":[29,29],"2":[29,29],"3":[29,29],"4":[29,29],"5":[29,29],"6":[29,29],"7":[29,29],"8":[29,29],"9":[29,29],"10":[29,29],"11":[29,29],"12":[29,29],"13":[29,29],"14":[29,29],"15":[29,29],"16":[29,29],"17":[29,29],"18":[29,29],"19":[29,29],"20":[29,29],"21":[29,29],"22":[29,29],"23":[29,29],"24":[29,29],"25":[29,29],"26":[29,29],"27":[29,29],"28":[29,29],"29":[29,29],"30":[29,29],"31":[29,29],"32":[29,29],"33":[29,29],"34":[29,29],"35":[29,29]}}
,"/Users/suraj/Documents/GitHub/bootcamp-jan-B2-seeder/src/Component/Template/CashAcclerationPage/index.tsx": {"path":"/Users/suraj/Documents/GitHub/bootcamp-jan-B2-seeder/src/Component/Template/CashAcclerationPage/index.tsx","statementMap":{"0":{"start":{"line":1,"column":0},"end":{"line":1,"column":44}},"1":{"start":{"line":2,"column":0},"end":{"line":2,"column":44}},"2":{"start":{"line":3,"column":0},"end":{"line":3,"column":58}},"3":{"start":{"line":4,"column":0},"end":{"line":4,"column":68}},"4":{"start":{"line":5,"column":0},"end":{"line":5,"column":70}},"5":{"start":{"line":6,"column":0},"end":{"line":6,"column":54}},"6":{"start":{"line":7,"column":0},"end":{"line":7,"column":49}},"7":{"start":{"line":15,"column":28},"end":{"line":34,"column":1}},"8":{"start":{"line":16,"column":2},"end":{"line":33,"column":null}},"9":{"start":{"line":36,"column":0},"end":{"line":36,"column":null}}},"fnMap":{"0":{"name":"(anonymous_1)","decl":{"start":{"line":15,"column":28},"end":{"line":15,"column":29}},"loc":{"start":{"line":15,"column":61},"end":{"line":34,"column":1}}}},"branchMap":{},"s":{"0":1,"1":1,"2":1,"3":1,"4":1,"5":1,"6":1,"7":1,"8":0,"9":1},"f":{"0":0},"b":{}}
,"/Users/suraj/Documents/GitHub/bootcamp-jan-B2-seeder/src/Component/Template/HomePage/index.tsx": {"path":"/Users/suraj/Documents/GitHub/bootcamp-jan-B2-seeder/src/Component/Template/HomePage/index.tsx","statementMap":{"0":{"start":{"line":1,"column":0},"end":{"line":1,"column":39}},"1":{"start":{"line":2,"column":0},"end":{"line":2,"column":44}},"2":{"start":{"line":3,"column":0},"end":{"line":3,"column":58}},"3":{"start":{"line":4,"column":0},"end":{"line":4,"column":52}},"4":{"start":{"line":5,"column":0},"end":{"line":5,"column":42}},"5":{"start":{"line":6,"column":0},"end":{"line":6,"column":46}},"6":{"start":{"line":7,"column":0},"end":{"line":7,"column":46}},"7":{"start":{"line":8,"column":0},"end":{"line":8,"column":68}},"8":{"start":{"line":9,"column":0},"end":{"line":9,"column":40}},"9":{"start":{"line":12,"column":13},"end":{"line":23,"column":null}},"10":{"start":{"line":25,"column":17},"end":{"line":49,"column":1}},"11":{"start":{"line":26,"column":26},"end":{"line":26,"column":41}},"12":{"start":{"line":26,"column":13},"end":{"line":26,"column":15}},"13":{"start":{"line":26,"column":22},"end":{"line":26,"column":26}},"14":{"start":{"line":27,"column":32},"end":{"line":27,"column":55}},"15":{"start":{"line":27,"column":16},"end":{"line":27,"column":18}},"16":{"start":{"line":27,"column":28},"end":{"line":27,"column":32}},"17":{"start":{"line":32,"column":2},"end":{"line":48,"column":null}},"18":{"start":{"line":51,"column":0},"end":{"line":51,"column":null}}},"fnMap":{"0":{"name":"(anonymous_1)","decl":{"start":{"line":25,"column":17},"end":{"line":25,"column":null}},"loc":{"start":{"line":25,"column":17},"end":{"line":49,"column":1}}}},"branchMap":{"0":{"loc":{"start":{"line":35,"column":7},"end":{"line":45,"column":null}},"type":"cond-expr","locations":[{"start":{"line":36,"column":8},"end":{"line":42,"column":null}},{"start":{"line":45,"column":8},"end":{"line":45,"column":63}}]},"1":{"loc":{"start":{"line":45,"column":11},"end":{"line":45,"column":59}},"type":"cond-expr","locations":[{"start":{"line":45,"column":18},"end":{"line":45,"column":33}},{"start":{"line":45,"column":36},"end":{"line":45,"column":59}}]}},"s":{"0":1,"1":1,"2":1,"3":1,"4":1,"5":1,"6":1,"7":1,"8":1,"9":1,"10":1,"11":1,"12":1,"13":1,"14":1,"15":1,"16":1,"17":1,"18":1},"f":{"0":1},"b":{"0":[1,0],"1":[0,0]}}
,"/Users/suraj/Documents/GitHub/bootcamp-jan-B2-seeder/src/Component/Template/HomePage1/index.tsx": {"path":"/Users/suraj/Documents/GitHub/bootcamp-jan-B2-seeder/src/Component/Template/HomePage1/index.tsx","statementMap":{"0":{"start":{"line":1,"column":0},"end":{"line":1,"column":44}},"1":{"start":{"line":2,"column":0},"end":{"line":2,"column":55}},"2":{"start":{"line":3,"column":0},"end":{"line":3,"column":54}},"3":{"start":{"line":4,"column":0},"end":{"line":4,"column":42}},"4":{"start":{"line":5,"column":0},"end":{"line":5,"column":45}},"5":{"start":{"line":6,"column":0},"end":{"line":6,"column":49}},"6":{"start":{"line":7,"column":0},"end":{"line":7,"column":50}},"7":{"start":{"line":9,"column":13},"end":{"line":13,"column":null}},"8":{"start":{"line":14,"column":18},"end":{"line":27,"column":1}},"9":{"start":{"line":15,"column":2},"end":{"line":26,"column":null}},"10":{"start":{"line":29,"column":0},"end":{"line":29,"column":null}}},"fnMap":{"0":{"name":"(anonymous_1)","decl":{"start":{"line":14,"column":18},"end":{"line":14,"column":null}},"loc":{"start":{"line":14,"column":18},"end":{"line":27,"column":1}}}},"branchMap":{},"s":{"0":1,"1":1,"2":1,"3":1,"4":1,"5":1,"6":1,"7":1,"8":1,"9":1,"10":1},"f":{"0":1},"b":{}}
,"/Users/suraj/Documents/GitHub/bootcamp-jan-B2-seeder/src/Component/Template/NewCashKick/index.tsx": {"path":"/Users/suraj/Documents/GitHub/bootcamp-jan-B2-seeder/src/Component/Template/NewCashKick/index.tsx","statementMap":{"0":{"start":{"line":1,"column":0},"end":{"line":1,"column":50}},"1":{"start":{"line":2,"column":0},"end":{"line":2,"column":44}},"2":{"start":{"line":3,"column":0},"end":{"line":3,"column":44}},"3":{"start":{"line":4,"column":0},"end":{"line":4,"column":52}},"4":{"start":{"line":6,"column":0},"end":{"line":6,"column":54}},"5":{"start":{"line":7,"column":0},"end":{"line":7,"column":64}},"6":{"start":{"line":8,"column":0},"end":{"line":8,"column":61}},"7":{"start":{"line":10,"column":20},"end":{"line":140,"column":1}},"8":{"start":{"line":11,"column":40},"end":{"line":11,"column":59}},"9":{"start":{"line":11,"column":20},"end":{"line":11,"column":22}},"10":{"start":{"line":11,"column":36},"end":{"line":11,"column":40}},"11":{"start":{"line":12,"column":34},"end":{"line":12,"column":62}},"12":{"start":{"line":12,"column":17},"end":{"line":12,"column":19}},"13":{"start":{"line":12,"column":30},"end":{"line":12,"column":34}},"14":{"start":{"line":13,"column":38},"end":{"line":15,"column":4}},"15":{"start":{"line":13,"column":18},"end":{"line":13,"column":20}},"16":{"start":{"line":13,"column":34},"end":{"line":13,"column":38}},"17":{"start":{"line":16,"column":26},"end":{"line":16,"column":51}},"18":{"start":{"line":16,"column":13},"end":{"line":16,"column":15}},"19":{"start":{"line":16,"column":22},"end":{"line":16,"column":26}},"20":{"start":{"line":17,"column":36},"end":{"line":17,"column":66}},"21":{"start":{"line":17,"column":18},"end":{"line":17,"column":20}},"22":{"start":{"line":17,"column":32},"end":{"line":17,"column":36}},"23":{"start":{"line":19,"column":26},"end":{"line":33,"column":3}},"24":{"start":{"line":20,"column":4},"end":{"line":32,"column":null}},"25":{"start":{"line":21,"column":6},"end":{"line":21,"column":null}},"26":{"start":{"line":22,"column":6},"end":{"line":22,"column":null}},"27":{"start":{"line":23,"column":6},"end":{"line":23,"column":null}},"28":{"start":{"line":24,"column":11},"end":{"line":32,"column":null}},"29":{"start":{"line":25,"column":6},"end":{"line":25,"column":null}},"30":{"start":{"line":26,"column":6},"end":{"line":26,"column":null}},"31":{"start":{"line":26,"column":41},"end":{"line":26,"column":48}},"32":{"start":{"line":27,"column":6},"end":{"line":27,"column":null}},"33":{"start":{"line":29,"column":6},"end":{"line":29,"column":null}},"34":{"start":{"line":30,"column":6},"end":{"line":30,"column":null}},"35":{"start":{"line":31,"column":6},"end":{"line":31,"column":null}},"36":{"start":{"line":35,"column":23},"end":{"line":47,"column":3}},"37":{"start":{"line":39,"column":4},"end":{"line":43,"column":null}},"38":{"start":{"line":40,"column":6},"end":{"line":40,"column":null}},"39":{"start":{"line":42,"column":6},"end":{"line":42,"column":null}},"40":{"start":{"line":42,"column":44},"end":{"line":42,"column":56}},"41":{"start":{"line":44,"column":4},"end":{"line":44,"column":null}},"42":{"start":{"line":45,"column":4},"end":{"line":45,"column":null}},"43":{"start":{"line":49,"column":2},"end":{"line":64,"column":null}},"44":{"start":{"line":50,"column":25},"end":{"line":50,"column":78}},"45":{"start":{"line":50,"column":51},"end":{"line":50,"column":78}},"46":{"start":{"line":51,"column":4},"end":{"line":51,"column":null}},"47":{"start":{"line":52,"column":25},"end":{"line":52,"column":79}},"48":{"start":{"line":52,"column":51},"end":{"line":52,"column":79}},"49":{"start":{"line":53,"column":33},"end":{"line":53,"column":35}},"50":{"start":{"line":54,"column":4},"end":{"line":56,"column":null}},"51":{"start":{"line":55,"column":6},"end":{"line":55,"column":null}},"52":{"start":{"line":57,"column":4},"end":{"line":57,"column":null}},"53":{"start":{"line":58,"column":21},"end":{"line":58,"column":22}},"54":{"start":{"line":59,"column":4},"end":{"line":61,"column":null}},"55":{"start":{"line":60,"column":6},"end":{"line":60,"column":null}},"56":{"start":{"line":62,"column":4},"end":{"line":62,"column":null}},"57":{"start":{"line":63,"column":4},"end":{"line":63,"column":null}},"58":{"start":{"line":66,"column":29},"end":{"line":111,"column":3}},"59":{"start":{"line":67,"column":24},"end":{"line":67,"column":39}},"60":{"start":{"line":68,"column":25},"end":{"line":68,"column":78}},"61":{"start":{"line":68,"column":51},"end":{"line":68,"column":78}},"62":{"start":{"line":69,"column":31},"end":{"line":71,"column":null}},"63":{"start":{"line":70,"column":22},"end":{"line":70,"column":null}},"64":{"start":{"line":73,"column":27},"end":{"line":76,"column":null}},"65":{"start":{"line":75,"column":8},"end":{"line":76,"column":null}},"66":{"start":{"line":79,"column":4},"end":{"line":106,"column":null}},"67":{"start":{"line":81,"column":31},"end":{"line":81,"column":61}},"68":{"start":{"line":82,"column":29},"end":{"line":82,"column":79}},"69":{"start":{"line":82,"column":53},"end":{"line":82,"column":79}},"70":{"start":{"line":83,"column":8},"end":{"line":89,"column":null}},"71":{"start":{"line":84,"column":10},"end":{"line":84,"column":null}},"72":{"start":{"line":85,"column":10},"end":{"line":85,"column":null}},"73":{"start":{"line":86,"column":39},"end":{"line":86,"column":48}},"74":{"start":{"line":87,"column":10},"end":{"line":87,"column":null}},"75":{"start":{"line":88,"column":10},"end":{"line":88,"column":null}},"76":{"start":{"line":80,"column":6},"end":{"line":90,"column":null}},"77":{"start":{"line":93,"column":32},"end":{"line":93,"column":54}},"78":{"start":{"line":94,"column":8},"end":{"line":104,"column":null}},"79":{"start":{"line":95,"column":10},"end":{"line":95,"column":null}},"80":{"start":{"line":96,"column":10},"end":{"line":96,"column":null}},"81":{"start":{"line":97,"column":31},"end":{"line":98,"column":null}},"82":{"start":{"line":98,"column":21},"end":{"line":98,"column":null}},"83":{"start":{"line":100,"column":39},"end":{"line":100,"column":41}},"84":{"start":{"line":101,"column":10},"end":{"line":103,"column":null}},"85":{"start":{"line":102,"column":12},"end":{"line":102,"column":null}},"86":{"start":{"line":92,"column":6},"end":{"line":105,"column":null}},"87":{"start":{"line":108,"column":4},"end":{"line":108,"column":null}},"88":{"start":{"line":109,"column":4},"end":{"line":109,"column":null}},"89":{"start":{"line":110,"column":4},"end":{"line":110,"column":null}},"90":{"start":{"line":113,"column":22},"end":{"line":116,"column":3}},"91":{"start":{"line":114,"column":4},"end":{"line":114,"column":null}},"92":{"start":{"line":115,"column":4},"end":{"line":115,"column":null}},"93":{"start":{"line":117,"column":2},"end":{"line":139,"column":null}},"94":{"start":{"line":142,"column":0},"end":{"line":142,"column":null}}},"fnMap":{"0":{"name":"(anonymous_8)","decl":{"start":{"line":10,"column":20},"end":{"line":10,"column":null}},"loc":{"start":{"line":10,"column":20},"end":{"line":140,"column":1}}},"1":{"name":"(anonymous_9)","decl":{"start":{"line":19,"column":26},"end":{"line":19,"column":27}},"loc":{"start":{"line":19,"column":69},"end":{"line":33,"column":3}}},"2":{"name":"(anonymous_10)","decl":{"start":{"line":26,"column":32},"end":{"line":26,"column":33}},"loc":{"start":{"line":26,"column":36},"end":{"line":26,"column":44}}},"3":{"name":"(anonymous_11)","decl":{"start":{"line":35,"column":23},"end":{"line":35,"column":null}},"loc":{"start":{"line":37,"column":14},"end":{"line":47,"column":3}}},"4":{"name":"(anonymous_12)","decl":{"start":{"line":42,"column":34},"end":{"line":42,"column":35}},"loc":{"start":{"line":42,"column":39},"end":{"line":42,"column":48}}},"5":{"name":"(anonymous_13)","decl":{"start":{"line":49,"column":12},"end":{"line":49,"column":null}},"loc":{"start":{"line":49,"column":12},"end":{"line":64,"column":3}}},"6":{"name":"(anonymous_14)","decl":{"start":{"line":50,"column":42},"end":{"line":50,"column":43}},"loc":{"start":{"line":50,"column":46},"end":{"line":50,"column":59}}},"7":{"name":"(anonymous_15)","decl":{"start":{"line":52,"column":42},"end":{"line":52,"column":43}},"loc":{"start":{"line":52,"column":46},"end":{"line":52,"column":52}}},"8":{"name":"(anonymous_16)","decl":{"start":{"line":54,"column":25},"end":{"line":54,"column":26}},"loc":{"start":{"line":54,"column":30},"end":{"line":56,"column":5}}},"9":{"name":"(anonymous_17)","decl":{"start":{"line":59,"column":25},"end":{"line":59,"column":26}},"loc":{"start":{"line":59,"column":30},"end":{"line":61,"column":5}}},"10":{"name":"(anonymous_18)","decl":{"start":{"line":66,"column":29},"end":{"line":66,"column":30}},"loc":{"start":{"line":66,"column":68},"end":{"line":111,"column":3}}},"11":{"name":"(anonymous_19)","decl":{"start":{"line":68,"column":42},"end":{"line":68,"column":43}},"loc":{"start":{"line":68,"column":46},"end":{"line":68,"column":59}}},"12":{"name":"(anonymous_20)","decl":{"start":{"line":70,"column":6},"end":{"line":70,"column":7}},"loc":{"start":{"line":70,"column":17},"end":{"line":70,"column":27}}},"13":{"name":"(anonymous_21)","decl":{"start":{"line":74,"column":6},"end":{"line":74,"column":7}},"loc":{"start":{"line":74,"column":10},"end":{"line":75,"column":9}}},"14":{"name":"(anonymous_23)","decl":{"start":{"line":82,"column":44},"end":{"line":82,"column":45}},"loc":{"start":{"line":82,"column":48},"end":{"line":82,"column":56}}},"15":{"name":"(anonymous_25)","decl":{"start":{"line":98,"column":12},"end":{"line":98,"column":13}},"loc":{"start":{"line":98,"column":16},"end":{"line":98,"column":22}}},"16":{"name":"(anonymous_26)","decl":{"start":{"line":101,"column":31},"end":{"line":101,"column":32}},"loc":{"start":{"line":101,"column":36},"end":{"line":103,"column":11}}},"17":{"name":"(anonymous_27)","decl":{"start":{"line":113,"column":22},"end":{"line":113,"column":null}},"loc":{"start":{"line":113,"column":22},"end":{"line":116,"column":3}}}},"branchMap":{"0":{"loc":{"start":{"line":20,"column":4},"end":{"line":32,"column":null}},"type":"if","locations":[{"start":{"line":20,"column":4},"end":{"line":32,"column":null}},{"start":{"line":24,"column":11},"end":{"line":32,"column":null}}]},"1":{"loc":{"start":{"line":20,"column":8},"end":{"line":20,"column":24}},"type":"cond-expr","locations":[{"start":{"line":20,"column":16},"end":{"line":20,"column":18}},{"start":{"line":20,"column":8},"end":{"line":20,"column":24}}]},"2":{"loc":{"start":{"line":20,"column":8},"end":{"line":20,"column":18}},"type":"binary-expr","locations":[{"start":{"line":20,"column":8},"end":{"line":20,"column":18}},{"start":{"line":20,"column":8},"end":{"line":20,"column":18}}]},"3":{"loc":{"start":{"line":24,"column":11},"end":{"line":32,"column":null}},"type":"if","locations":[{"start":{"line":24,"column":11},"end":{"line":32,"column":null}},{"start":{"line":28,"column":11},"end":{"line":32,"column":null}}]},"4":{"loc":{"start":{"line":39,"column":4},"end":{"line":43,"column":null}},"type":"if","locations":[{"start":{"line":39,"column":4},"end":{"line":43,"column":null}},{"start":{"line":41,"column":11},"end":{"line":43,"column":null}}]},"5":{"loc":{"start":{"line":44,"column":17},"end":{"line":44,"column":33}},"type":"cond-expr","locations":[{"start":{"line":44,"column":25},"end":{"line":44,"column":27}},{"start":{"line":44,"column":17},"end":{"line":44,"column":33}}]},"6":{"loc":{"start":{"line":44,"column":17},"end":{"line":44,"column":27}},"type":"binary-expr","locations":[{"start":{"line":44,"column":17},"end":{"line":44,"column":27}},{"start":{"line":44,"column":17},"end":{"line":44,"column":27}}]},"7":{"loc":{"start":{"line":44,"column":38},"end":{"line":44,"column":55}},"type":"cond-expr","locations":[{"start":{"line":44,"column":47},"end":{"line":44,"column":49}},{"start":{"line":44,"column":38},"end":{"line":44,"column":55}}]},"8":{"loc":{"start":{"line":44,"column":38},"end":{"line":44,"column":49}},"type":"binary-expr","locations":[{"start":{"line":44,"column":38},"end":{"line":44,"column":49}},{"start":{"line":44,"column":38},"end":{"line":44,"column":49}}]},"9":{"loc":{"start":{"line":50,"column":51},"end":{"line":50,"column":77}},"type":"cond-expr","locations":[{"start":{"line":50,"column":59},"end":{"line":50,"column":61}},{"start":{"line":50,"column":51},"end":{"line":50,"column":77}}]},"10":{"loc":{"start":{"line":50,"column":51},"end":{"line":50,"column":61}},"type":"binary-expr","locations":[{"start":{"line":50,"column":51},"end":{"line":50,"column":61}},{"start":{"line":50,"column":51},"end":{"line":50,"column":61}}]},"11":{"loc":{"start":{"line":52,"column":52},"end":{"line":52,"column":78}},"type":"cond-expr","locations":[{"start":{"line":52,"column":60},"end":{"line":52,"column":62}},{"start":{"line":52,"column":52},"end":{"line":52,"column":78}}]},"12":{"loc":{"start":{"line":52,"column":52},"end":{"line":52,"column":62}},"type":"binary-expr","locations":[{"start":{"line":52,"column":52},"end":{"line":52,"column":62}},{"start":{"line":52,"column":52},"end":{"line":52,"column":62}}]},"13":{"loc":{"start":{"line":68,"column":51},"end":{"line":68,"column":77}},"type":"cond-expr","locations":[{"start":{"line":68,"column":59},"end":{"line":68,"column":61}},{"start":{"line":68,"column":51},"end":{"line":68,"column":77}}]},"14":{"loc":{"start":{"line":68,"column":51},"end":{"line":68,"column":61}},"type":"binary-expr","locations":[{"start":{"line":68,"column":51},"end":{"line":68,"column":61}},{"start":{"line":68,"column":51},"end":{"line":68,"column":61}}]},"15":{"loc":{"start":{"line":75,"column":8},"end":{"line":76,"column":57}},"type":"binary-expr","locations":[{"start":{"line":75,"column":8},"end":{"line":75,"column":null}},{"start":{"line":76,"column":8},"end":{"line":76,"column":57}}]},"16":{"loc":{"start":{"line":75,"column":9},"end":{"line":75,"column":35}},"type":"cond-expr","locations":[{"start":{"line":75,"column":17},"end":{"line":75,"column":19}},{"start":{"line":75,"column":9},"end":{"line":75,"column":35}}]},"17":{"loc":{"start":{"line":75,"column":9},"end":{"line":75,"column":19}},"type":"binary-expr","locations":[{"start":{"line":75,"column":9},"end":{"line":75,"column":19}},{"start":{"line":75,"column":9},"end":{"line":75,"column":19}}]},"18":{"loc":{"start":{"line":79,"column":4},"end":{"line":106,"column":null}},"type":"if","locations":[{"start":{"line":79,"column":4},"end":{"line":106,"column":null}},{"start":{"line":91,"column":11},"end":{"line":106,"column":null}}]},"19":{"loc":{"start":{"line":81,"column":40},"end":{"line":81,"column":56}},"type":"cond-expr","locations":[{"start":{"line":81,"column":48},"end":{"line":81,"column":50}},{"start":{"line":81,"column":40},"end":{"line":81,"column":56}}]},"20":{"loc":{"start":{"line":81,"column":40},"end":{"line":81,"column":50}},"type":"binary-expr","locations":[{"start":{"line":81,"column":40},"end":{"line":81,"column":50}},{"start":{"line":81,"column":40},"end":{"line":81,"column":50}}]},"21":{"loc":{"start":{"line":83,"column":8},"end":{"line":89,"column":null}},"type":"if","locations":[{"start":{"line":83,"column":8},"end":{"line":89,"column":null}}]},"22":{"loc":{"start":{"line":80,"column":13},"end":{"line":80,"column":71}},"type":"binary-expr","locations":[{"start":{"line":80,"column":13},"end":{"line":80,"column":47}},{"start":{"line":80,"column":51},"end":{"line":80,"column":71}}]},"23":{"loc":{"start":{"line":80,"column":51},"end":{"line":80,"column":67}},"type":"cond-expr","locations":[{"start":{"line":80,"column":59},"end":{"line":80,"column":61}},{"start":{"line":80,"column":51},"end":{"line":80,"column":67}}]},"24":{"loc":{"start":{"line":80,"column":51},"end":{"line":80,"column":61}},"type":"binary-expr","locations":[{"start":{"line":80,"column":51},"end":{"line":80,"column":61}},{"start":{"line":80,"column":51},"end":{"line":80,"column":61}}]},"25":{"loc":{"start":{"line":94,"column":8},"end":{"line":104,"column":null}},"type":"if","locations":[{"start":{"line":94,"column":8},"end":{"line":104,"column":null}}]},"26":{"loc":{"start":{"line":98,"column":22},"end":{"line":98,"column":48}},"type":"cond-expr","locations":[{"start":{"line":98,"column":30},"end":{"line":98,"column":32}},{"start":{"line":98,"column":22},"end":{"line":98,"column":48}}]},"27":{"loc":{"start":{"line":98,"column":22},"end":{"line":98,"column":32}},"type":"binary-expr","locations":[{"start":{"line":98,"column":22},"end":{"line":98,"column":32}},{"start":{"line":98,"column":22},"end":{"line":98,"column":32}}]},"28":{"loc":{"start":{"line":92,"column":13},"end":{"line":92,"column":77}},"type":"binary-expr","locations":[{"start":{"line":92,"column":13},"end":{"line":92,"column":47}},{"start":{"line":92,"column":51},"end":{"line":92,"column":77}}]},"29":{"loc":{"start":{"line":92,"column":51},"end":{"line":92,"column":73}},"type":"cond-expr","locations":[{"start":{"line":92,"column":65},"end":{"line":92,"column":67}},{"start":{"line":92,"column":51},"end":{"line":92,"column":73}}]},"30":{"loc":{"start":{"line":92,"column":51},"end":{"line":92,"column":67}},"type":"binary-expr","locations":[{"start":{"line":92,"column":51},"end":{"line":92,"column":67}},{"start":{"line":92,"column":51},"end":{"line":92,"column":67}}]},"31":{"loc":{"start":{"line":109,"column":17},"end":{"line":109,"column":33}},"type":"cond-expr","locations":[{"start":{"line":109,"column":25},"end":{"line":109,"column":27}},{"start":{"line":109,"column":17},"end":{"line":109,"column":33}}]},"32":{"loc":{"start":{"line":109,"column":17},"end":{"line":109,"column":27}},"type":"binary-expr","locations":[{"start":{"line":109,"column":17},"end":{"line":109,"column":27}},{"start":{"line":109,"column":17},"end":{"line":109,"column":27}}]},"33":{"loc":{"start":{"line":109,"column":38},"end":{"line":109,"column":55}},"type":"cond-expr","locations":[{"start":{"line":109,"column":47},"end":{"line":109,"column":49}},{"start":{"line":109,"column":38},"end":{"line":109,"column":55}}]},"34":{"loc":{"start":{"line":109,"column":38},"end":{"line":109,"column":49}},"type":"binary-expr","locations":[{"start":{"line":109,"column":38},"end":{"line":109,"column":49}},{"start":{"line":109,"column":38},"end":{"line":109,"column":49}}]}},"s":{"0":2,"1":2,"2":2,"3":2,"4":2,"5":2,"6":2,"7":2,"8":12,"9":12,"10":12,"11":12,"12":12,"13":12,"14":12,"15":12,"16":12,"17":12,"18":12,"19":12,"20":12,"21":12,"22":12,"23":12,"24":0,"25":0,"26":0,"27":0,"28":0,"29":0,"30":0,"31":0,"32":0,"33":0,"34":0,"35":0,"36":12,"37":0,"38":0,"39":0,"40":0,"41":0,"42":0,"43":12,"44":6,"45":60,"46":6,"47":6,"48":60,"49":6,"50":6,"51":60,"52":6,"53":6,"54":6,"55":0,"56":6,"57":6,"58":12,"59":0,"60":0,"61":0,"62":0,"63":0,"64":0,"65":0,"66":0,"67":0,"68":0,"69":0,"70":0,"71":0,"72":0,"73":0,"74":0,"75":0,"76":0,"77":0,"78":0,"79":0,"80":0,"81":0,"82":0,"83":0,"84":0,"85":0,"86":0,"87":0,"88":0,"89":0,"90":12,"91":1,"92":1,"93":12,"94":2},"f":{"0":12,"1":0,"2":0,"3":0,"4":0,"5":6,"6":60,"7":60,"8":60,"9":0,"10":0,"11":0,"12":0,"13":0,"14":0,"15":0,"16":0,"17":1},"b":{"0":[0,0],"1":[0,0],"2":[0,0],"3":[0,0],"4":[0,0],"5":[0,0],"6":[0,0],"7":[0,0],"8":[0,0],"9":[0,60],"10":[60,60],"11":[0,60],"12":[60,60],"13":[0,0],"14":[0,0],"15":[0,0],"16":[0,0],"17":[0,0],"18":[0,0],"19":[0,0],"20":[0,0],"21":[0],"22":[0,0],"23":[0,0],"24":[0,0],"25":[0],"26":[0,0],"27":[0,0],"28":[0,0],"29":[0,0],"30":[0,0],"31":[0,0],"32":[0,0],"33":[0,0],"34":[0,0]}}
,"/Users/suraj/Documents/GitHub/bootcamp-jan-B2-seeder/src/Component/atoms/Avatar/index.tsx": {"path":"/Users/suraj/Documents/GitHub/bootcamp-jan-B2-seeder/src/Component/atoms/Avatar/index.tsx","statementMap":{"0":{"start":{"line":1,"column":0},"end":{"line":1,"column":38}},"1":{"start":{"line":10,"column":35},"end":{"line":21,"column":1}},"2":{"start":{"line":10,"column":41},"end":{"line":10,"column":43}},"3":{"start":{"line":10,"column":50},"end":{"line":10,"column":52}},"4":{"start":{"line":10,"column":57},"end":{"line":10,"column":59}},"5":{"start":{"line":11,"column":2},"end":{"line":20,"column":null}},"6":{"start":{"line":23,"column":0},"end":{"line":23,"column":null}}},"fnMap":{"0":{"name":"(anonymous_0)","decl":{"start":{"line":10,"column":35},"end":{"line":10,"column":36}},"loc":{"start":{"line":10,"column":59},"end":{"line":21,"column":1}}}},"branchMap":{},"s":{"0":3,"1":3,"2":8,"3":6,"4":6,"5":6,"6":3},"f":{"0":8},"b":{}}
,"/Users/suraj/Documents/GitHub/bootcamp-jan-B2-seeder/src/Component/atoms/Button/index.tsx": {"path":"/Users/suraj/Documents/GitHub/bootcamp-jan-B2-seeder/src/Component/atoms/Button/index.tsx","statementMap":{"0":{"start":{"line":2,"column":0},"end":{"line":2,"column":64}},"1":{"start":{"line":4,"column":38},"end":{"line":27,"column":1}},"2":{"start":{"line":5,"column":10},"end":{"line":5,"column":null}},"3":{"start":{"line":6,"column":2},"end":{"line":6,"column":7}},"4":{"start":{"line":6,"column":7},"end":{"line":6,"column":null}},"5":{"start":{"line":7,"column":2},"end":{"line":7,"column":9}},"6":{"start":{"line":7,"column":9},"end":{"line":7,"column":null}},"7":{"start":{"line":8,"column":2},"end":{"line":8,"column":10}},"8":{"start":{"line":8,"column":10},"end":{"line":8,"column":null}},"9":{"start":{"line":9,"column":4},"end":{"line":9,"column":null}},"10":{"start":{"line":10,"column":2},"end":{"line":10,"column":6}},"11":{"start":{"line":10,"column":6},"end":{"line":10,"column":null}},"12":{"start":{"line":11,"column":11},"end":{"line":11,"column":null}},"13":{"start":{"line":12,"column":9},"end":{"line":12,"column":null}},"14":{"start":{"line":14,"column":2},"end":{"line":26,"column":null}},"15":{"start":{"line":29,"column":0},"end":{"line":29,"column":null}}},"fnMap":{"0":{"name":"(anonymous_2)","decl":{"start":{"line":4,"column":38},"end":{"line":4,"column":39}},"loc":{"start":{"line":13,"column":1},"end":{"line":27,"column":1}}}},"branchMap":{"0":{"loc":{"start":{"line":6,"column":7},"end":{"line":6,"column":null}},"type":"cond-expr","locations":[{"start":{"line":6,"column":10},"end":{"line":6,"column":19}},{"start":{"line":6,"column":19},"end":{"line":6,"column":null}}]},"1":{"loc":{"start":{"line":7,"column":9},"end":{"line":7,"column":null}},"type":"cond-expr","locations":[{"start":{"line":7,"column":12},"end":{"line":7,"column":23}},{"start":{"line":7,"column":23},"end":{"line":7,"column":null}}]},"2":{"loc":{"start":{"line":8,"column":10},"end":{"line":8,"column":null}},"type":"cond-expr","locations":[{"start":{"line":8,"column":13},"end":{"line":8,"column":18}},{"start":{"line":8,"column":18},"end":{"line":8,"column":null}}]},"3":{"loc":{"start":{"line":10,"column":6},"end":{"line":10,"column":null}},"type":"cond-expr","locations":[{"start":{"line":10,"column":9},"end":{"line":10,"column":17}},{"start":{"line":10,"column":17},"end":{"line":10,"column":null}}]}},"s":{"0":10,"1":10,"2":74,"3":74,"4":74,"5":74,"6":74,"7":74,"8":74,"9":74,"10":74,"11":74,"12":74,"13":74,"14":74,"15":10},"f":{"0":74},"b":{"0":[73,1],"1":[11,63],"2":[73,1],"3":[10,64]}}
,"/Users/suraj/Documents/GitHub/bootcamp-jan-B2-seeder/src/Component/atoms/Checkbox/index.tsx": {"path":"/Users/suraj/Documents/GitHub/bootcamp-jan-B2-seeder/src/Component/atoms/Checkbox/index.tsx","statementMap":{"0":{"start":{"line":1,"column":0},"end":{"line":1,"column":39}},"1":{"start":{"line":2,"column":0},"end":{"line":2,"column":58}},"2":{"start":{"line":11,"column":44},"end":{"line":40,"column":1}},"3":{"start":{"line":12,"column":7},"end":{"line":12,"column":null}},"4":{"start":{"line":13,"column":9},"end":{"line":13,"column":null}},"5":{"start":{"line":14,"column":10},"end":{"line":14,"column":null}},"6":{"start":{"line":15,"column":2},"end":{"line":15,"column":7}},"7":{"start":{"line":15,"column":7},"end":{"line":15,"column":null}},"8":{"start":{"line":16,"column":2},"end":{"line":16,"column":10}},"9":{"start":{"line":16,"column":10},"end":{"line":16,"column":null}},"10":{"start":{"line":18,"column":36},"end":{"line":18,"column":62}},"11":{"start":{"line":18,"column":18},"end":{"line":18,"column":20}},"12":{"start":{"line":18,"column":32},"end":{"line":18,"column":36}},"13":{"start":{"line":20,"column":25},"end":{"line":24,"column":3}},"14":{"start":{"line":21,"column":23},"end":{"line":21,"column":33}},"15":{"start":{"line":22,"column":4},"end":{"line":22,"column":null}},"16":{"start":{"line":23,"column":4},"end":{"line":23,"column":null}},"17":{"start":{"line":26,"column":2},"end":{"line":39,"column":null}},"18":{"start":{"line":42,"column":0},"end":{"line":42,"column":null}}},"fnMap":{"0":{"name":"(anonymous_0)","decl":{"start":{"line":11,"column":44},"end":{"line":11,"column":45}},"loc":{"start":{"line":17,"column":1},"end":{"line":40,"column":1}}},"1":{"name":"(anonymous_1)","decl":{"start":{"line":20,"column":25},"end":{"line":20,"column":null}},"loc":{"start":{"line":20,"column":25},"end":{"line":24,"column":3}}}},"branchMap":{"0":{"loc":{"start":{"line":15,"column":7},"end":{"line":15,"column":null}},"type":"cond-expr","locations":[{"start":{"line":15,"column":10},"end":{"line":15,"column":19}},{"start":{"line":15,"column":19},"end":{"line":15,"column":null}}]},"1":{"loc":{"start":{"line":16,"column":10},"end":{"line":16,"column":null}},"type":"cond-expr","locations":[{"start":{"line":16,"column":13},"end":{"line":16,"column":18}},{"start":{"line":16,"column":18},"end":{"line":16,"column":null}}]}},"s":{"0":1,"1":1,"2":1,"3":6,"4":6,"5":6,"6":6,"7":6,"8":6,"9":6,"10":6,"11":6,"12":6,"13":6,"14":2,"15":2,"16":2,"17":6,"18":1},"f":{"0":6,"1":2},"b":{"0":[6,0],"1":[5,1]}}
,"/Users/suraj/Documents/GitHub/bootcamp-jan-B2-seeder/src/Component/atoms/Chips/index.tsx": {"path":"/Users/suraj/Documents/GitHub/bootcamp-jan-B2-seeder/src/Component/atoms/Chips/index.tsx","statementMap":{"0":{"start":{"line":1,"column":0},"end":{"line":1,"column":47}},"1":{"start":{"line":5,"column":41},"end":{"line":9,"column":1}},"2":{"start":{"line":5,"column":52},"end":{"line":5,"column":54}},"3":{"start":{"line":5,"column":56},"end":{"line":5,"column":58}},"4":{"start":{"line":5,"column":63},"end":{"line":5,"column":65}},"5":{"start":{"line":6,"column":2},"end":{"line":8,"column":null}},"6":{"start":{"line":5,"column":13},"end":{"line":5,"column":41}}},"fnMap":{"0":{"name":"(anonymous_0)","decl":{"start":{"line":5,"column":41},"end":{"line":5,"column":42}},"loc":{"start":{"line":5,"column":65},"end":{"line":9,"column":1}}}},"branchMap":{},"s":{"0":1,"1":1,"2":4,"3":4,"4":4,"5":4,"6":1},"f":{"0":4},"b":{}}
,"/Users/suraj/Documents/GitHub/bootcamp-jan-B2-seeder/src/Component/atoms/Images/index.tsx": {"path":"/Users/suraj/Documents/GitHub/bootcamp-jan-B2-seeder/src/Component/atoms/Images/index.tsx","statementMap":{"0":{"start":{"line":8,"column":23},"end":{"line":17,"column":1}},"1":{"start":{"line":9,"column":2},"end":{"line":16,"column":null}},"2":{"start":{"line":19,"column":0},"end":{"line":19,"column":null}}},"fnMap":{"0":{"name":"(anonymous_0)","decl":{"start":{"line":8,"column":23},"end":{"line":8,"column":24}},"loc":{"start":{"line":8,"column":41},"end":{"line":17,"column":1}}}},"branchMap":{},"s":{"0":20,"1":309,"2":20},"f":{"0":309},"b":{}}
,"/Users/suraj/Documents/GitHub/bootcamp-jan-B2-seeder/src/Component/atoms/Slider/index.tsx": {"path":"/Users/suraj/Documents/GitHub/bootcamp-jan-B2-seeder/src/Component/atoms/Slider/index.tsx","statementMap":{"0":{"start":{"line":1,"column":0},"end":{"line":1,"column":38}},"1":{"start":{"line":3,"column":0},"end":{"line":3,"column":35}},"2":{"start":{"line":4,"column":0},"end":{"line":4,"column":40}},"3":{"start":{"line":5,"column":0},"end":{"line":5,"column":38}},"4":{"start":{"line":22,"column":18},"end":{"line":38,"column":2}},"5":{"start":{"line":40,"column":18},"end":{"line":58,"column":1}},"6":{"start":{"line":40,"column":32},"end":{"line":40,"column":34}},"7":{"start":{"line":40,"column":37},"end":{"line":40,"column":39}},"8":{"start":{"line":40,"column":53},"end":{"line":40,"column":68}},"9":{"start":{"line":41,"column":18},"end":{"line":41,"column":29}},"10":{"start":{"line":43,"column":2},"end":{"line":57,"column":null}},"11":{"start":{"line":60,"column":0},"end":{"line":60,"column":null}}},"fnMap":{"0":{"name":"(anonymous_3)","decl":{"start":{"line":40,"column":18},"end":{"line":40,"column":19}},"loc":{"start":{"line":40,"column":68},"end":{"line":58,"column":1}}}},"branchMap":{},"s":{"0":5,"1":5,"2":5,"3":5,"4":5,"5":5,"6":19,"7":19,"8":19,"9":19,"10":19,"11":5},"f":{"0":19},"b":{}}
,"/Users/suraj/Documents/GitHub/bootcamp-jan-B2-seeder/src/Component/atoms/TextFieldCom/index.tsx": {"path":"/Users/suraj/Documents/GitHub/bootcamp-jan-B2-seeder/src/Component/atoms/TextFieldCom/index.tsx","statementMap":{"0":{"start":{"line":1,"column":0},"end":{"line":1,"column":40}},"1":{"start":{"line":2,"column":0},"end":{"line":2,"column":59}},"2":{"start":{"line":3,"column":0},"end":{"line":3,"column":82}},"3":{"start":{"line":4,"column":0},"end":{"line":4,"column":64}},"4":{"start":{"line":5,"column":0},"end":{"line":5,"column":64}},"5":{"start":{"line":6,"column":0},"end":{"line":6,"column":46}},"6":{"start":{"line":8,"column":28},"end":{"line":12,"column":2}},"7":{"start":{"line":19,"column":47},"end":{"line":69,"column":1}},"8":{"start":{"line":19,"column":61},"end":{"line":19,"column":63}},"9":{"start":{"line":19,"column":63},"end":{"line":19,"column":67}},"10":{"start":{"line":19,"column":67},"end":{"line":19,"column":78}},"11":{"start":{"line":20,"column":32},"end":{"line":20,"column":44}},"12":{"start":{"line":20,"column":16},"end":{"line":20,"column":18}},"13":{"start":{"line":20,"column":28},"end":{"line":20,"column":32}},"14":{"start":{"line":21,"column":2},"end":{"line":21,"column":27}},"15":{"start":{"line":23,"column":23},"end":{"line":25,"column":3}},"16":{"start":{"line":24,"column":4},"end":{"line":24,"column":45}},"17":{"start":{"line":28,"column":2},"end":{"line":68,"column":4}},"18":{"start":{"line":71,"column":0},"end":{"line":71,"column":28}}},"fnMap":{"0":{"name":"(anonymous_3)","decl":{"start":{"line":19,"column":47},"end":{"line":19,"column":48}},"loc":{"start":{"line":19,"column":78},"end":{"line":69,"column":1}}},"1":{"name":"(anonymous_4)","decl":{"start":{"line":23,"column":23},"end":{"line":23,"column":24}},"loc":{"start":{"line":23,"column":68},"end":{"line":25,"column":3}}}},"branchMap":{"0":{"loc":{"start":{"line":19,"column":67},"end":{"line":19,"column":78}},"type":"cond-expr","locations":[{"start":{"line":19,"column":70},"end":{"line":19,"column":76}},{"start":{"line":19,"column":76},"end":{"line":19,"column":78}}]},"1":{"loc":{"start":{"line":39,"column":24},"end":{"line":39,"column":59}},"type":"cond-expr","locations":[{"start":{"line":39,"column":44},"end":{"line":39,"column":47}},{"start":{"line":39,"column":50},"end":{"line":39,"column":59}}]},"2":{"loc":{"start":{"line":43,"column":15},"end":{"line":46,"column":null}},"type":"binary-expr","locations":[{"start":{"line":43,"column":15},"end":{"line":43,"column":30}},{"start":{"line":44,"column":16},"end":{"line":45,"column":null}}]},"3":{"loc":{"start":{"line":48,"column":15},"end":{"line":49,"column":null}},"type":"binary-expr","locations":[{"start":{"line":48,"column":15},"end":{"line":48,"column":31}},{"start":{"line":49,"column":16},"end":{"line":49,"column":94}}]},"4":{"loc":{"start":{"line":51,"column":15},"end":{"line":52,"column":null}},"type":"binary-expr","locations":[{"start":{"line":51,"column":15},"end":{"line":51,"column":34}},{"start":{"line":52,"column":16},"end":{"line":52,"column":94}}]},"5":{"loc":{"start":{"line":58,"column":9},"end":{"line":64,"column":null}},"type":"binary-expr","locations":[{"start":{"line":58,"column":9},"end":{"line":58,"column":26}},{"start":{"line":59,"column":10},"end":{"line":63,"column":null}}]}},"s":{"0":1,"1":1,"2":1,"3":1,"4":1,"5":1,"6":1,"7":1,"8":2,"9":2,"10":2,"11":2,"12":2,"13":2,"14":2,"15":2,"16":0,"17":2,"18":1},"f":{"0":2,"1":0},"b":{"0":[1,1],"1":[1,1],"2":[2,1],"3":[2,0],"4":[2,0],"5":[2,1]}}
,"/Users/suraj/Documents/GitHub/bootcamp-jan-B2-seeder/src/Component/atoms/Typography/index.tsx": {"path":"/Users/suraj/Documents/GitHub/bootcamp-jan-B2-seeder/src/Component/atoms/Typography/index.tsx","statementMap":{"0":{"start":{"line":1,"column":0},"end":{"line":1,"column":42}},"1":{"start":{"line":20,"column":22},"end":{"line":28,"column":1}},"2":{"start":{"line":21,"column":2},"end":{"line":27,"column":null}},"3":{"start":{"line":29,"column":0},"end":{"line":29,"column":null}}},"fnMap":{"0":{"name":"(anonymous_2)","decl":{"start":{"line":20,"column":22},"end":{"line":20,"column":23}},"loc":{"start":{"line":20,"column":45},"end":{"line":28,"column":1}}}},"branchMap":{},"s":{"0":27,"1":27,"2":502,"3":27},"f":{"0":502},"b":{}}
,"/Users/suraj/Documents/GitHub/bootcamp-jan-B2-seeder/src/Component/molecules/AvatarMolecule/index.tsx": {"path":"/Users/suraj/Documents/GitHub/bootcamp-jan-B2-seeder/src/Component/molecules/AvatarMolecule/index.tsx","statementMap":{"0":{"start":{"line":1,"column":0},"end":{"line":1,"column":39}},"1":{"start":{"line":2,"column":0},"end":{"line":2,"column":68}},"2":{"start":{"line":4,"column":23},"end":{"line":16,"column":1}},"3":{"start":{"line":5,"column":2},"end":{"line":15,"column":null}},"4":{"start":{"line":18,"column":0},"end":{"line":18,"column":null}}},"fnMap":{"0":{"name":"(anonymous_1)","decl":{"start":{"line":4,"column":23},"end":{"line":4,"column":null}},"loc":{"start":{"line":4,"column":23},"end":{"line":16,"column":1}}}},"branchMap":{},"s":{"0":2,"1":2,"2":2,"3":6,"4":2},"f":{"0":6},"b":{}}
,"/Users/suraj/Documents/GitHub/bootcamp-jan-B2-seeder/src/Component/molecules/ButtonCashAccleration/index.tsx": {"path":"/Users/suraj/Documents/GitHub/bootcamp-jan-B2-seeder/src/Component/molecules/ButtonCashAccleration/index.tsx","statementMap":{"0":{"start":{"line":2,"column":0},"end":{"line":2,"column":54}},"1":{"start":{"line":9,"column":54},"end":{"line":11,"column":1}},"2":{"start":{"line":9,"column":61},"end":{"line":9,"column":63}},"3":{"start":{"line":9,"column":70},"end":{"line":9,"column":72}},"4":{"start":{"line":10,"column":2},"end":{"line":10,"column":null}},"5":{"start":{"line":9,"column":13},"end":{"line":9,"column":54}}},"fnMap":{"0":{"name":"(anonymous_2)","decl":{"start":{"line":9,"column":54},"end":{"line":9,"column":55}},"loc":{"start":{"line":9,"column":72},"end":{"line":11,"column":1}}}},"branchMap":{},"s":{"0":3,"1":3,"2":5,"3":5,"4":5,"5":3},"f":{"0":5},"b":{}}
,"/Users/suraj/Documents/GitHub/bootcamp-jan-B2-seeder/src/Component/molecules/CardAcclerationMolecule/index.tsx": {"path":"/Users/suraj/Documents/GitHub/bootcamp-jan-B2-seeder/src/Component/molecules/CardAcclerationMolecule/index.tsx","statementMap":{"0":{"start":{"line":2,"column":0},"end":{"line":2,"column":50}},"1":{"start":{"line":3,"column":0},"end":{"line":3,"column":47}},"2":{"start":{"line":4,"column":0},"end":{"line":4,"column":39}},"3":{"start":{"line":5,"column":0},"end":{"line":5,"column":56}},"4":{"start":{"line":12,"column":49},"end":{"line":37,"column":1}},"5":{"start":{"line":12,"column":56},"end":{"line":12,"column":58}},"6":{"start":{"line":12,"column":63},"end":{"line":12,"column":65}},"7":{"start":{"line":12,"column":71},"end":{"line":12,"column":73}},"8":{"start":{"line":13,"column":2},"end":{"line":36,"column":null}},"9":{"start":{"line":39,"column":0},"end":{"line":39,"column":null}}},"fnMap":{"0":{"name":"(anonymous_3)","decl":{"start":{"line":12,"column":49},"end":{"line":12,"column":50}},"loc":{"start":{"line":12,"column":73},"end":{"line":37,"column":1}}}},"branchMap":{},"s":{"0":4,"1":4,"2":4,"3":4,"4":4,"5":6,"6":6,"7":6,"8":6,"9":4},"f":{"0":6},"b":{}}
,"/Users/suraj/Documents/GitHub/bootcamp-jan-B2-seeder/src/Component/molecules/CashAcclerationTable/index.tsx": {"path":"/Users/suraj/Documents/GitHub/bootcamp-jan-B2-seeder/src/Component/molecules/CashAcclerationTable/index.tsx","statementMap":{"0":{"start":{"line":1,"column":0},"end":{"line":1,"column":null}},"1":{"start":{"line":11,"column":29},"end":{"line":124,"column":1}},"2":{"start":{"line":12,"column":2},"end":{"line":123,"column":null}},"3":{"start":{"line":126,"column":0},"end":{"line":126,"column":null}}},"fnMap":{"0":{"name":"(anonymous_2)","decl":{"start":{"line":11,"column":29},"end":{"line":11,"column":null}},"loc":{"start":{"line":11,"column":29},"end":{"line":124,"column":1}}}},"branchMap":{},"s":{"0":1,"1":1,"2":4,"3":1},"f":{"0":4},"b":{}}
,"/Users/suraj/Documents/GitHub/bootcamp-jan-B2-seeder/src/Component/molecules/GreetingMolecule/index.tsx": {"path":"/Users/suraj/Documents/GitHub/bootcamp-jan-B2-seeder/src/Component/molecules/GreetingMolecule/index.tsx","statementMap":{"0":{"start":{"line":1,"column":0},"end":{"line":1,"column":47}},"1":{"start":{"line":2,"column":0},"end":{"line":2,"column":67}},"2":{"start":{"line":8,"column":25},"end":{"line":21,"column":1}},"3":{"start":{"line":9,"column":2},"end":{"line":20,"column":null}},"4":{"start":{"line":23,"column":0},"end":{"line":23,"column":null}}},"fnMap":{"0":{"name":"(anonymous_1)","decl":{"start":{"line":8,"column":25},"end":{"line":8,"column":null}},"loc":{"start":{"line":8,"column":25},"end":{"line":21,"column":1}}}},"branchMap":{},"s":{"0":3,"1":3,"2":3,"3":6,"4":3},"f":{"0":6},"b":{}}
,"/Users/suraj/Documents/GitHub/bootcamp-jan-B2-seeder/src/Component/molecules/HeadingMolecule/index.tsx": {"path":"/Users/suraj/Documents/GitHub/bootcamp-jan-B2-seeder/src/Component/molecules/HeadingMolecule/index.tsx","statementMap":{"0":{"start":{"line":2,"column":0},"end":{"line":2,"column":50}},"1":{"start":{"line":3,"column":0},"end":{"line":3,"column":63}},"2":{"start":{"line":4,"column":0},"end":{"line":4,"column":38}},"3":{"start":{"line":5,"column":0},"end":{"line":5,"column":58}},"4":{"start":{"line":12,"column":41},"end":{"line":26,"column":1}},"5":{"start":{"line":12,"column":48},"end":{"line":12,"column":50}},"6":{"start":{"line":13,"column":2},"end":{"line":25,"column":null}},"7":{"start":{"line":28,"column":0},"end":{"line":28,"column":null}}},"fnMap":{"0":{"name":"(anonymous_3)","decl":{"start":{"line":12,"column":41},"end":{"line":12,"column":42}},"loc":{"start":{"line":12,"column":50},"end":{"line":26,"column":1}}}},"branchMap":{},"s":{"0":9,"1":9,"2":9,"3":9,"4":9,"5":42,"6":42,"7":9},"f":{"0":42},"b":{}}
,"/Users/suraj/Documents/GitHub/bootcamp-jan-B2-seeder/src/Component/molecules/HomeButton/index.tsx": {"path":"/Users/suraj/Documents/GitHub/bootcamp-jan-B2-seeder/src/Component/molecules/HomeButton/index.tsx","statementMap":{"0":{"start":{"line":1,"column":0},"end":{"line":1,"column":39}},"1":{"start":{"line":2,"column":0},"end":{"line":2,"column":39}},"2":{"start":{"line":3,"column":0},"end":{"line":3,"column":47}},"3":{"start":{"line":4,"column":0},"end":{"line":4,"column":55}},"4":{"start":{"line":5,"column":0},"end":{"line":5,"column":59}},"5":{"start":{"line":6,"column":0},"end":{"line":6,"column":59}},"6":{"start":{"line":7,"column":0},"end":{"line":7,"column":61}},"7":{"start":{"line":8,"column":0},"end":{"line":8,"column":null}},"8":{"start":{"line":18,"column":19},"end":{"line":119,"column":1}},"9":{"start":{"line":19,"column":20},"end":{"line":19,"column":33}},"10":{"start":{"line":20,"column":20},"end":{"line":20,"column":33}},"11":{"start":{"line":22,"column":32},"end":{"line":22,"column":46}},"12":{"start":{"line":22,"column":16},"end":{"line":22,"column":18}},"13":{"start":{"line":22,"column":28},"end":{"line":22,"column":32}},"14":{"start":{"line":24,"column":22},"end":{"line":29,"column":3}},"15":{"start":{"line":25,"column":4},"end":{"line":28,"column":null}},"16":{"start":{"line":26,"column":6},"end":{"line":26,"column":null}},"17":{"start":{"line":27,"column":6},"end":{"line":27,"column":null}},"18":{"start":{"line":31,"column":2},"end":{"line":118,"column":null}},"19":{"start":{"line":57,"column":27},"end":{"line":57,"column":null}},"20":{"start":{"line":121,"column":0},"end":{"line":121,"column":null}}},"fnMap":{"0":{"name":"(anonymous_3)","decl":{"start":{"line":18,"column":19},"end":{"line":18,"column":null}},"loc":{"start":{"line":18,"column":19},"end":{"line":119,"column":1}}},"1":{"name":"(anonymous_4)","decl":{"start":{"line":24,"column":22},"end":{"line":24,"column":null}},"loc":{"start":{"line":24,"column":22},"end":{"line":29,"column":3}}},"2":{"name":"(anonymous_5)","decl":{"start":{"line":57,"column":21},"end":{"line":57,"column":27}},"loc":{"start":{"line":57,"column":21},"end":{"line":57,"column":36}}}},"branchMap":{"0":{"loc":{"start":{"line":25,"column":4},"end":{"line":28,"column":null}},"type":"if","locations":[{"start":{"line":25,"column":4},"end":{"line":28,"column":null}}]}},"s":{"0":6,"1":6,"2":6,"3":6,"4":6,"5":6,"6":6,"7":6,"8":6,"9":31,"10":21,"11":21,"12":21,"13":21,"14":21,"15":1,"16":1,"17":1,"18":21,"19":1,"20":6},"f":{"0":31,"1":1,"2":1},"b":{"0":[1]}}
,"/Users/suraj/Documents/GitHub/bootcamp-jan-B2-seeder/src/Component/molecules/HomeTable/index.tsx": {"path":"/Users/suraj/Documents/GitHub/bootcamp-jan-B2-seeder/src/Component/molecules/HomeTable/index.tsx","statementMap":{"0":{"start":{"line":1,"column":0},"end":{"line":1,"column":null}},"1":{"start":{"line":11,"column":0},"end":{"line":11,"column":69}},"2":{"start":{"line":12,"column":0},"end":{"line":12,"column":47}},"3":{"start":{"line":13,"column":0},"end":{"line":13,"column":38}},"4":{"start":{"line":14,"column":0},"end":{"line":14,"column":48}},"5":{"start":{"line":15,"column":0},"end":{"line":15,"column":57}},"6":{"start":{"line":17,"column":19},"end":{"line":19,"column":2}},"7":{"start":{"line":21,"column":22},"end":{"line":81,"column":1}},"8":{"start":{"line":22,"column":2},"end":{"line":80,"column":null}},"9":{"start":{"line":83,"column":0},"end":{"line":83,"column":null}}},"fnMap":{"0":{"name":"(anonymous_3)","decl":{"start":{"line":21,"column":22},"end":{"line":21,"column":null}},"loc":{"start":{"line":21,"column":22},"end":{"line":81,"column":1}}}},"branchMap":{},"s":{"0":2,"1":2,"2":2,"3":2,"4":2,"5":2,"6":2,"7":2,"8":5,"9":2},"f":{"0":5},"b":{}}
,"/Users/suraj/Documents/GitHub/bootcamp-jan-B2-seeder/src/Component/molecules/HomeTableG/index.tsx": {"path":"/Users/suraj/Documents/GitHub/bootcamp-jan-B2-seeder/src/Component/molecules/HomeTableG/index.tsx","statementMap":{"0":{"start":{"line":2,"column":0},"end":{"line":2,"column":null}},"1":{"start":{"line":11,"column":0},"end":{"line":11,"column":38}},"2":{"start":{"line":12,"column":0},"end":{"line":12,"column":57}},"3":{"start":{"line":14,"column":23},"end":{"line":114,"column":1}},"4":{"start":{"line":15,"column":2},"end":{"line":113,"column":null}},"5":{"start":{"line":116,"column":0},"end":{"line":116,"column":null}}},"fnMap":{"0":{"name":"(anonymous_3)","decl":{"start":{"line":14,"column":23},"end":{"line":14,"column":null}},"loc":{"start":{"line":14,"column":23},"end":{"line":114,"column":1}}}},"branchMap":{},"s":{"0":3,"1":3,"2":3,"3":3,"4":5,"5":3},"f":{"0":5},"b":{}}
,"/Users/suraj/Documents/GitHub/bootcamp-jan-B2-seeder/src/Component/molecules/LaunchCashKickButton/index.tsx": {"path":"/Users/suraj/Documents/GitHub/bootcamp-jan-B2-seeder/src/Component/molecules/LaunchCashKickButton/index.tsx","statementMap":{"0":{"start":{"line":1,"column":0},"end":{"line":1,"column":45}},"1":{"start":{"line":2,"column":0},"end":{"line":2,"column":38}},"2":{"start":{"line":3,"column":0},"end":{"line":3,"column":53}},"3":{"start":{"line":5,"column":21},"end":{"line":21,"column":2}},"4":{"start":{"line":24,"column":29},"end":{"line":45,"column":1}},"5":{"start":{"line":25,"column":19},"end":{"line":25,"column":32}},"6":{"start":{"line":26,"column":2},"end":{"line":44,"column":null}},"7":{"start":{"line":39,"column":23},"end":{"line":39,"column":null}},"8":{"start":{"line":47,"column":0},"end":{"line":47,"column":null}}},"fnMap":{"0":{"name":"(anonymous_3)","decl":{"start":{"line":24,"column":29},"end":{"line":24,"column":null}},"loc":{"start":{"line":24,"column":29},"end":{"line":45,"column":1}}},"1":{"name":"(anonymous_4)","decl":{"start":{"line":39,"column":17},"end":{"line":39,"column":23}},"loc":{"start":{"line":39,"column":17},"end":{"line":39,"column":31}}}},"branchMap":{},"s":{"0":5,"1":5,"2":5,"3":5,"4":5,"5":12,"6":7,"7":0,"8":5},"f":{"0":12,"1":0},"b":{}}
,"/Users/suraj/Documents/GitHub/bootcamp-jan-B2-seeder/src/Component/molecules/LaunchCashKickText/index.tsx": {"path":"/Users/suraj/Documents/GitHub/bootcamp-jan-B2-seeder/src/Component/molecules/LaunchCashKickText/index.tsx","statementMap":{"0":{"start":{"line":2,"column":0},"end":{"line":2,"column":50}},"1":{"start":{"line":4,"column":0},"end":{"line":4,"column":null}},"2":{"start":{"line":8,"column":0},"end":{"line":8,"column":38}},"3":{"start":{"line":9,"column":0},"end":{"line":9,"column":42}},"4":{"start":{"line":11,"column":27},"end":{"line":33,"column":1}},"5":{"start":{"line":12,"column":19},"end":{"line":12,"column":32}},"6":{"start":{"line":13,"column":25},"end":{"line":13,"column":55}},"7":{"start":{"line":16,"column":2},"end":{"line":20,"column":null}},"8":{"start":{"line":17,"column":4},"end":{"line":17,"column":null}},"9":{"start":{"line":19,"column":4},"end":{"line":19,"column":null}},"10":{"start":{"line":22,"column":2},"end":{"line":32,"column":null}},"11":{"start":{"line":35,"column":0},"end":{"line":35,"column":null}}},"fnMap":{"0":{"name":"(anonymous_3)","decl":{"start":{"line":11,"column":27},"end":{"line":11,"column":null}},"loc":{"start":{"line":11,"column":27},"end":{"line":33,"column":1}}}},"branchMap":{"0":{"loc":{"start":{"line":13,"column":25},"end":{"line":13,"column":55}},"type":"cond-expr","locations":[{"start":{"line":13,"column":39},"end":{"line":13,"column":41}},{"start":{"line":13,"column":39},"end":{"line":13,"column":55}}]},"1":{"loc":{"start":{"line":13,"column":25},"end":{"line":13,"column":41}},"type":"binary-expr","locations":[{"start":{"line":13,"column":25},"end":{"line":13,"column":41}},{"start":{"line":13,"column":39},"end":{"line":13,"column":41}}]},"2":{"loc":{"start":{"line":16,"column":2},"end":{"line":20,"column":null}},"type":"if","locations":[{"start":{"line":16,"column":2},"end":{"line":20,"column":null}},{"start":{"line":18,"column":9},"end":{"line":20,"column":null}}]}},"s":{"0":5,"1":5,"2":5,"3":5,"4":5,"5":19,"6":5,"7":5,"8":5,"9":0,"10":5,"11":5},"f":{"0":19},"b":{"0":[5,0],"1":[5,0],"2":[5,0]}}
,"/Users/suraj/Documents/GitHub/bootcamp-jan-B2-seeder/src/Component/molecules/ModalHeader/index.tsx": {"path":"/Users/suraj/Documents/GitHub/bootcamp-jan-B2-seeder/src/Component/molecules/ModalHeader/index.tsx","statementMap":{"0":{"start":{"line":2,"column":0},"end":{"line":2,"column":47}},"1":{"start":{"line":3,"column":0},"end":{"line":3,"column":38}},"2":{"start":{"line":4,"column":0},"end":{"line":4,"column":58}},"3":{"start":{"line":12,"column":46},"end":{"line":24,"column":1}},"4":{"start":{"line":12,"column":54},"end":{"line":12,"column":56}},"5":{"start":{"line":12,"column":67},"end":{"line":12,"column":69}},"6":{"start":{"line":13,"column":2},"end":{"line":23,"column":null}},"7":{"start":{"line":12,"column":13},"end":{"line":12,"column":46}}},"fnMap":{"0":{"name":"(anonymous_3)","decl":{"start":{"line":12,"column":46},"end":{"line":12,"column":47}},"loc":{"start":{"line":12,"column":69},"end":{"line":24,"column":1}}}},"branchMap":{},"s":{"0":2,"1":2,"2":2,"3":2,"4":2,"5":2,"6":2,"7":2},"f":{"0":2},"b":{}}
,"/Users/suraj/Documents/GitHub/bootcamp-jan-B2-seeder/src/Component/molecules/NavContent/index.tsx": {"path":"/Users/suraj/Documents/GitHub/bootcamp-jan-B2-seeder/src/Component/molecules/NavContent/index.tsx","statementMap":{"0":{"start":{"line":2,"column":0},"end":{"line":2,"column":50}},"1":{"start":{"line":3,"column":0},"end":{"line":3,"column":38}},"2":{"start":{"line":5,"column":25},"end":{"line":23,"column":2}},"3":{"start":{"line":28,"column":36},"end":{"line":46,"column":1}},"4":{"start":{"line":28,"column":44},"end":{"line":28,"column":46}},"5":{"start":{"line":28,"column":50},"end":{"line":28,"column":52}},"6":{"start":{"line":29,"column":2},"end":{"line":45,"column":null}},"7":{"start":{"line":48,"column":0},"end":{"line":48,"column":null}}},"fnMap":{"0":{"name":"(anonymous_3)","decl":{"start":{"line":28,"column":36},"end":{"line":28,"column":37}},"loc":{"start":{"line":28,"column":52},"end":{"line":46,"column":1}}}},"branchMap":{},"s":{"0":1,"1":1,"2":1,"3":1,"4":3,"5":3,"6":3,"7":1},"f":{"0":3},"b":{}}
,"/Users/suraj/Documents/GitHub/bootcamp-jan-B2-seeder/src/Component/molecules/SeederLogo/index.tsx": {"path":"/Users/suraj/Documents/GitHub/bootcamp-jan-B2-seeder/src/Component/molecules/SeederLogo/index.tsx","statementMap":{"0":{"start":{"line":1,"column":0},"end":{"line":1,"column":53}},"1":{"start":{"line":2,"column":0},"end":{"line":2,"column":47}},"2":{"start":{"line":3,"column":0},"end":{"line":3,"column":50}},"3":{"start":{"line":4,"column":0},"end":{"line":4,"column":45}},"4":{"start":{"line":5,"column":0},"end":{"line":5,"column":71}},"5":{"start":{"line":7,"column":13},"end":{"line":24,"column":null}},"6":{"start":{"line":26,"column":19},"end":{"line":37,"column":1}},"7":{"start":{"line":27,"column":2},"end":{"line":36,"column":null}},"8":{"start":{"line":39,"column":0},"end":{"line":39,"column":null}}},"fnMap":{"0":{"name":"(anonymous_3)","decl":{"start":{"line":26,"column":19},"end":{"line":26,"column":null}},"loc":{"start":{"line":26,"column":19},"end":{"line":37,"column":1}}}},"branchMap":{},"s":{"0":6,"1":6,"2":6,"3":6,"4":6,"5":6,"6":6,"7":22,"8":6},"f":{"0":22},"b":{}}
,"/Users/suraj/Documents/GitHub/bootcamp-jan-B2-seeder/src/Component/molecules/SliderChanger/index.tsx": {"path":"/Users/suraj/Documents/GitHub/bootcamp-jan-B2-seeder/src/Component/molecules/SliderChanger/index.tsx","statementMap":{"0":{"start":{"line":2,"column":0},"end":{"line":2,"column":42}},"1":{"start":{"line":3,"column":0},"end":{"line":3,"column":50}},"2":{"start":{"line":4,"column":0},"end":{"line":4,"column":46}},"3":{"start":{"line":5,"column":0},"end":{"line":5,"column":null}},"4":{"start":{"line":10,"column":0},"end":{"line":10,"column":38}},"5":{"start":{"line":12,"column":20},"end":{"line":14,"column":2}},"6":{"start":{"line":16,"column":13},"end":{"line":28,"column":null}},"7":{"start":{"line":41,"column":21},"end":{"line":84,"column":1}},"8":{"start":{"line":42,"column":2},"end":{"line":83,"column":null}},"9":{"start":{"line":86,"column":0},"end":{"line":86,"column":null}}},"fnMap":{"0":{"name":"(anonymous_3)","decl":{"start":{"line":41,"column":21},"end":{"line":41,"column":22}},"loc":{"start":{"line":41,"column":46},"end":{"line":84,"column":1}}}},"branchMap":{},"s":{"0":4,"1":4,"2":4,"3":4,"4":4,"5":4,"6":4,"7":4,"8":19,"9":4},"f":{"0":19},"b":{}}
[...]
,"/Users/suraj/Documents/GitHub/bootcamp-jan-B2-seeder/src/Component/organism/HomeTable/index.tsx": {"path":"/Users/suraj/Documents/GitHub/bootcamp-jan-B2-seeder/src/Component/organism/HomeTable/index.tsx","statementMap":{"0":{"start":{"line":1,"column":0},"end":{"line":1,"column":53}},"1":{"start":{"line":2,"column":0},"end":{"line":2,"column":55}},"2":{"start":{"line":4,"column":18},"end":{"line":10,"column":1}},"3":{"start":{"line":5,"column":2},"end":{"line":9,"column":null}},"4":{"start":{"line":12,"column":0},"end":{"line":12,"column":null}}},"fnMap":{"0":{"name":"(anonymous_3)","decl":{"start":{"line":4,"column":18},"end":{"line":4,"column":null}},"loc":{"start":{"line":4,"column":18},"end":{"line":10,"column":1}}}},"branchMap":{},"s":{"0":1,"1":1,"2":1,"3":1,"4":1},"f":{"0":1},"b":{}}
,"/Users/suraj/Documents/GitHub/bootcamp-jan-B2-seeder/src/Component/organism/HomeTableG/index.tsx": {"path":"/Users/suraj/Documents/GitHub/bootcamp-jan-B2-seeder/src/Component/organism/HomeTableG/index.tsx","statementMap":{"0":{"start":{"line":1,"column":0},"end":{"line":1,"column":55}},"1":{"start":{"line":2,"column":0},"end":{"line":2,"column":55}},"2":{"start":{"line":3,"column":0},"end":{"line":3,"column":61}},"3":{"start":{"line":5,"column":19},"end":{"line":12,"column":1}},"4":{"start":{"line":6,"column":2},"end":{"line":11,"column":null}},"5":{"start":{"line":14,"column":0},"end":{"line":14,"column":null}}},"fnMap":{"0":{"name":"(anonymous_3)","decl":{"start":{"line":5,"column":19},"end":{"line":5,"column":null}},"loc":{"start":{"line":5,"column":19},"end":{"line":12,"column":1}}}},"branchMap":{},"s":{"0":2,"1":2,"2":2,"3":2,"4":2,"5":2},"f":{"0":2},"b":{}}
,"/Users/suraj/Documents/GitHub/bootcamp-jan-B2-seeder/src/Component/organism/InfoCircle/index.tsx": {"path":"/Users/suraj/Documents/GitHub/bootcamp-jan-B2-seeder/src/Component/organism/InfoCircle/index.tsx","statementMap":{"0":{"start":{"line":1,"column":0},"end":{"line":1,"column":47}},"1":{"start":{"line":2,"column":0},"end":{"line":2,"column":45}},"2":{"start":{"line":3,"column":0},"end":{"line":3,"column":50}},"3":{"start":{"line":4,"column":0},"end":{"line":4,"column":76}},"4":{"start":{"line":5,"column":0},"end":{"line":5,"column":72}},"5":{"start":{"line":6,"column":0},"end":{"line":6,"column":38}},"6":{"start":{"line":7,"column":0},"end":{"line":7,"column":55}},"7":{"start":{"line":8,"column":0},"end":{"line":8,"column":42}},"8":{"start":{"line":10,"column":19},"end":{"line":39,"column":1}},"9":{"start":{"line":11,"column":19},"end":{"line":11,"column":32}},"10":{"start":{"line":12,"column":24},"end":{"line":12,"column":53}},"11":{"start":{"line":15,"column":2},"end":{"line":19,"column":null}},"12":{"start":{"line":16,"column":4},"end":{"line":16,"column":null}},"13":{"start":{"line":18,"column":4},"end":{"line":18,"column":null}},"14":{"start":{"line":20,"column":2},"end":{"line":38,"column":null}},"15":{"start":{"line":41,"column":0},"end":{"line":41,"column":null}}},"fnMap":{"0":{"name":"(anonymous_3)","decl":{"start":{"line":10,"column":19},"end":{"line":10,"column":null}},"loc":{"start":{"line":10,"column":19},"end":{"line":39,"column":1}}}},"branchMap":{"0":{"loc":{"start":{"line":12,"column":24},"end":{"line":12,"column":53}},"type":"cond-expr","locations":[{"start":{"line":12,"column":38},"end":{"line":12,"column":40}},{"start":{"line":12,"column":38},"end":{"line":12,"column":53}}]},"1":{"loc":{"start":{"line":12,"column":24},"end":{"line":12,"column":40}},"type":"binary-expr","locations":[{"start":{"line":12,"column":24},"end":{"line":12,"column":40}},{"start":{"line":12,"column":38},"end":{"line":12,"column":40}}]},"2":{"loc":{"start":{"line":15,"column":2},"end":{"line":19,"column":null}},"type":"if","locations":[{"start":{"line":15,"column":2},"end":{"line":19,"column":null}},{"start":{"line":17,"column":9},"end":{"line":19,"column":null}}]}},"s":{"0":1,"1":1,"2":1,"3":1,"4":1,"5":1,"6":1,"7":1,"8":1,"9":1,"10":1,"11":1,"12":1,"13":0,"14":1,"15":1},"f":{"0":1},"b":{"0":[1,0],"1":[1,0],"2":[1,0]}}
,"/Users/suraj/Documents/GitHub/bootcamp-jan-B2-seeder/src/Component/organism/LanchCashG/index.tsx": {"path":"/Users/suraj/Documents/GitHub/bootcamp-jan-B2-seeder/src/Component/organism/LanchCashG/index.tsx","statementMap":{"0":{"start":{"line":1,"column":0},"end":{"line":1,"column":67}},"1":{"start":{"line":2,"column":0},"end":{"line":2,"column":71}},"2":{"start":{"line":3,"column":0},"end":{"line":3,"column":65}},"3":{"start":{"line":6,"column":24},"end":{"line":13,"column":1}},"4":{"start":{"line":7,"column":2},"end":{"line":12,"column":null}},"5":{"start":{"line":15,"column":0},"end":{"line":15,"column":null}}},"fnMap":{"0":{"name":"(anonymous_1)","decl":{"start":{"line":6,"column":24},"end":{"line":6,"column":null}},"loc":{"start":{"line":6,"column":24},"end":{"line":13,"column":1}}}},"branchMap":{},"s":{"0":2,"1":2,"2":2,"3":2,"4":5,"5":2},"f":{"0":5},"b":{}}
,"/Users/suraj/Documents/GitHub/bootcamp-jan-B2-seeder/src/Component/organism/LaunchCashKick/index.tsx": {"path":"/Users/suraj/Documents/GitHub/bootcamp-jan-B2-seeder/src/Component/organism/LaunchCashKick/index.tsx","statementMap":{"0":{"start":{"line":1,"column":0},"end":{"line":1,"column":67}},"1":{"start":{"line":2,"column":0},"end":{"line":2,"column":71}},"2":{"start":{"line":3,"column":0},"end":{"line":3,"column":65}},"3":{"start":{"line":6,"column":23},"end":{"line":13,"column":1}},"4":{"start":{"line":7,"column":2},"end":{"line":12,"column":null}},"5":{"start":{"line":15,"column":0},"end":{"line":15,"column":null}}},"fnMap":{"0":{"name":"(anonymous_1)","decl":{"start":{"line":6,"column":23},"end":{"line":6,"column":null}},"loc":{"start":{"line":6,"column":23},"end":{"line":13,"column":1}}}},"branchMap":{},"s":{"0":2,"1":2,"2":2,"3":2,"4":3,"5":2},"f":{"0":3},"b":{}}
,"/Users/suraj/Documents/GitHub/bootcamp-jan-B2-seeder/src/Component/organism/Navbar/index.tsx": {"path":"/Users/suraj/Documents/GitHub/bootcamp-jan-B2-seeder/src/Component/organism/Navbar/index.tsx","statementMap":{"0":{"start":{"line":2,"column":0},"end":{"line":2,"column":49}},"1":{"start":{"line":4,"column":19},"end":{"line":20,"column":1}},"2":{"start":{"line":5,"column":22},"end":{"line":5,"column":43}},"3":{"start":{"line":9,"column":2},"end":{"line":15,"column":null}},"4":{"start":{"line":10,"column":4},"end":{"line":10,"column":null}},"5":{"start":{"line":11,"column":9},"end":{"line":15,"column":null}},"6":{"start":{"line":12,"column":4},"end":{"line":12,"column":null}},"7":{"start":{"line":14,"column":4},"end":{"line":14,"column":null}},"8":{"start":{"line":16,"column":2},"end":{"line":18,"column":null}},"9":{"start":{"line":19,"column":2},"end":{"line":19,"column":null}},"10":{"start":{"line":22,"column":15},"end":{"line":32,"column":1}},"11":{"start":{"line":23,"column":19},"end":{"line":23,"column":31}},"12":{"start":{"line":24,"column":2},"end":{"line":31,"column":null}},"13":{"start":{"line":34,"column":0},"end":{"line":34,"column":null}}},"fnMap":{"0":{"name":"(anonymous_1)","decl":{"start":{"line":4,"column":19},"end":{"line":4,"column":null}},"loc":{"start":{"line":4,"column":19},"end":{"line":20,"column":1}}},"1":{"name":"(anonymous_2)","decl":{"start":{"line":22,"column":15},"end":{"line":22,"column":null}},"loc":{"start":{"line":22,"column":15},"end":{"line":32,"column":1}}}},"branchMap":{"0":{"loc":{"start":{"line":9,"column":2},"end":{"line":15,"column":null}},"type":"if","locations":[{"start":{"line":9,"column":2},"end":{"line":15,"column":null}},{"start":{"line":11,"column":9},"end":{"line":15,"column":null}}]},"1":{"loc":{"start":{"line":11,"column":9},"end":{"line":15,"column":null}},"type":"if","locations":[{"start":{"line":11,"column":9},"end":{"line":15,"column":null}},{"start":{"line":13,"column":9},"end":{"line":15,"column":null}}]}},"s":{"0":3,"1":3,"2":6,"3":6,"4":1,"5":5,"6":5,"7":0,"8":6,"9":6,"10":3,"11":6,"12":6,"13":3},"f":{"0":6,"1":6},"b":{"0":[1,5],"1":[5,0]}}
,"/Users/suraj/Documents/GitHub/bootcamp-jan-B2-seeder/src/Component/organism/NewCashKickNavBar/index.tsx": {"path":"/Users/suraj/Documents/GitHub/bootcamp-jan-B2-seeder/src/Component/organism/NewCashKickNavBar/index.tsx","statementMap":{"0":{"start":{"line":1,"column":0},"end":{"line":1,"column":38}},"1":{"start":{"line":2,"column":0},"end":{"line":2,"column":49}},"2":{"start":{"line":3,"column":0},"end":{"line":3,"column":76}},"3":{"start":{"line":4,"column":0},"end":{"line":4,"column":50}},"4":{"start":{"line":6,"column":26},"end":{"line":25,"column":1}},"5":{"start":{"line":7,"column":2},"end":{"line":24,"column":null}},"6":{"start":{"line":27,"column":0},"end":{"line":27,"column":null}}},"fnMap":{"0":{"name":"(anonymous_3)","decl":{"start":{"line":6,"column":26},"end":{"line":6,"column":null}},"loc":{"start":{"line":6,"column":26},"end":{"line":25,"column":1}}}},"branchMap":{},"s":{"0":3,"1":3,"2":3,"3":3,"4":3,"5":15,"6":3},"f":{"0":15},"b":{}}
,"/Users/suraj/Documents/GitHub/bootcamp-jan-B2-seeder/src/Component/organism/ReportOrg/index.tsx": {"path":"/Users/suraj/Documents/GitHub/bootcamp-jan-B2-seeder/src/Component/organism/ReportOrg/index.tsx","statementMap":{"0":{"start":{"line":1,"column":0},"end":{"line":1,"column":47}},"1":{"start":{"line":2,"column":0},"end":{"line":2,"column":37}},"2":{"start":{"line":3,"column":0},"end":{"line":3,"column":50}},"3":{"start":{"line":4,"column":0},"end":{"line":4,"column":73}},"4":{"start":{"line":5,"column":0},"end":{"line":5,"column":57}},"5":{"start":{"line":6,"column":0},"end":{"line":6,"column":72}},"6":{"start":{"line":7,"column":0},"end":{"line":7,"column":38}},"7":{"start":{"line":8,"column":0},"end":{"line":8,"column":54}},"8":{"start":{"line":10,"column":19},"end":{"line":30,"column":1}},"9":{"start":{"line":11,"column":2},"end":{"line":29,"column":null}},"10":{"start":{"line":32,"column":0},"end":{"line":32,"column":null}}},"fnMap":{"0":{"name":"(anonymous_3)","decl":{"start":{"line":10,"column":19},"end":{"line":10,"column":null}},"loc":{"start":{"line":10,"column":19},"end":{"line":30,"column":1}}}},"branchMap":{},"s":{"0":2,"1":2,"2":2,"3":2,"4":2,"5":2,"6":2,"7":2,"8":2,"9":3,"10":2},"f":{"0":3},"b":{}}
,"/Users/suraj/Documents/GitHub/bootcamp-jan-B2-seeder/src/Component/organism/ReviewTable/index.tsx": {"path":"/Users/suraj/Documents/GitHub/bootcamp-jan-B2-seeder/src/Component/organism/ReviewTable/index.tsx","statementMap":{"0":{"start":{"line":3,"column":0},"end":{"line":3,"column":null}},"1":{"start":{"line":12,"column":0},"end":{"line":12,"column":38}},"2":{"start":{"line":13,"column":0},"end":{"line":13,"column":57}},"3":{"start":{"line":19,"column":20},"end":{"line":100,"column":1}},"4":{"start":{"line":20,"column":2},"end":{"line":20,"column":null}},"5":{"start":{"line":21,"column":2},"end":{"line":99,"column":null}},"6":{"start":{"line":52,"column":14},"end":{"line":93,"column":null}},"7":{"start":{"line":102,"column":0},"end":{"line":102,"column":null}}},"fnMap":{"0":{"name":"(anonymous_3)","decl":{"start":{"line":19,"column":20},"end":{"line":19,"column":21}},"loc":{"start":{"line":19,"column":44},"end":{"line":100,"column":1}}},"1":{"name":"(anonymous_4)","decl":{"start":{"line":51,"column":37},"end":{"line":51,"column":38}},"loc":{"start":{"line":51,"column":46},"end":{"line":94,"column":13}}}},"branchMap":{"0":{"loc":{"start":{"line":51,"column":13},"end":{"line":94,"column":14}},"type":"cond-expr","locations":[{"start":{"line":51,"column":31},"end":{"line":51,"column":33}},{"start":{"line":51,"column":31},"end":{"line":94,"column":14}}]},"1":{"loc":{"start":{"line":51,"column":13},"end":{"line":51,"column":33}},"type":"binary-expr","locations":[{"start":{"line":51,"column":13},"end":{"line":51,"column":33}},{"start":{"line":51,"column":31},"end":{"line":51,"column":33}}]}},"s":{"0":3,"1":3,"2":3,"3":3,"4":4,"5":4,"6":1,"7":3},"f":{"0":4,"1":1},"b":{"0":[0,4],"1":[4,4]}}
,"/Users/suraj/Documents/GitHub/bootcamp-jan-B2-seeder/src/Component/organism/SideBar/index.tsx": {"path":"/Users/suraj/Documents/GitHub/bootcamp-jan-B2-seeder/src/Component/organism/SideBar/index.tsx","statementMap":{"0":{"start":{"line":1,"column":0},"end":{"line":1,"column":51}},"1":{"start":{"line":2,"column":0},"end":{"line":2,"column":51}},"2":{"start":{"line":3,"column":0},"end":{"line":3,"column":51}},"3":{"start":{"line":5,"column":16},"end":{"line":12,"column":1}},"4":{"start":{"line":6,"column":2},"end":{"line":11,"column":null}},"5":{"start":{"line":14,"column":0},"end":{"line":14,"column":null}}},"fnMap":{"0":{"name":"(anonymous_1)","decl":{"start":{"line":5,"column":16},"end":{"line":5,"column":null}},"loc":{"start":{"line":5,"column":16},"end":{"line":12,"column":1}}}},"branchMap":{},"s":{"0":5,"1":5,"2":5,"3":5,"4":20,"5":5},"f":{"0":20},"b":{}}
,"/Users/suraj/Documents/GitHub/bootcamp-jan-B2-seeder/src/Component/organism/SliderTable/index.tsx": {"path":"/Users/suraj/Documents/GitHub/bootcamp-jan-B2-seeder/src/Component/organism/SliderTable/index.tsx","statementMap":{"0":{"start":{"line":1,"column":0},"end":{"line":1,"column":null}},"1":{"start":{"line":13,"column":0},"end":{"line":13,"column":61}},"2":{"start":{"line":14,"column":0},"end":{"line":14,"column":54}},"3":{"start":{"line":15,"column":0},"end":{"line":15,"column":72}},"4":{"start":{"line":17,"column":0},"end":{"line":17,"column":44}},"5":{"start":{"line":18,"column":0},"end":{"line":18,"column":47}},"6":{"start":{"line":19,"column":0},"end":{"line":19,"column":72}},"7":{"start":{"line":20,"column":0},"end":{"line":20,"column":74}},"8":{"start":{"line":21,"column":0},"end":{"line":21,"column":78}},"9":{"start":{"line":22,"column":0},"end":{"line":22,"column":53}},"10":{"start":{"line":24,"column":18},"end":{"line":28,"column":2}},"11":{"start":{"line":40,"column":20},"end":{"line":160,"column":1}},"12":{"start":{"line":41,"column":18},"end":{"line":41,"column":29}},"13":{"start":{"line":42,"column":21},"end":{"line":42,"column":null}},"14":{"start":{"line":42,"column":37},"end":{"line":42,"column":null}},"15":{"start":{"line":44,"column":2},"end":{"line":159,"column":null}},"16":{"start":{"line":108,"column":38},"end":{"line":108,"column":56}},"17":{"start":{"line":110,"column":16},"end":{"line":152,"column":null}},"18":{"start":{"line":142,"column":26},"end":{"line":142,"column":null}},"19":{"start":{"line":162,"column":0},"end":{"line":162,"column":null}}},"fnMap":{"0":{"name":"(anonymous_3)","decl":{"start":{"line":40,"column":20},"end":{"line":40,"column":21}},"loc":{"start":{"line":40,"column":44},"end":{"line":160,"column":1}}},"1":{"name":"(anonymous_4)","decl":{"start":{"line":42,"column":21},"end":{"line":42,"column":22}},"loc":{"start":{"line":42,"column":32},"end":{"line":42,"column":null}}},"2":{"name":"(anonymous_5)","decl":{"start":{"line":107,"column":29},"end":{"line":107,"column":30}},"loc":{"start":{"line":107,"column":33},"end":{"line":153,"column":15}}},"3":{"name":"(anonymous_6)","decl":{"start":{"line":141,"column":34},"end":{"line":141,"column":35}},"loc":{"start":{"line":141,"column":40},"end":{"line":142,"column":31}}}},"branchMap":{"0":{"loc":{"start":{"line":42,"column":37},"end":{"line":42,"column":64}},"type":"cond-expr","locations":[{"start":{"line":42,"column":51},"end":{"line":42,"column":53}},{"start":{"line":42,"column":51},"end":{"line":42,"column":64}}]},"1":{"loc":{"start":{"line":42,"column":37},"end":{"line":42,"column":53}},"type":"binary-expr","locations":[{"start":{"line":42,"column":37},"end":{"line":42,"column":53}},{"start":{"line":42,"column":51},"end":{"line":42,"column":53}}]},"2":{"loc":{"start":{"line":94,"column":22},"end":{"line":95,"column":null}},"type":"binary-expr","locations":[{"start":{"line":94,"column":22},"end":{"line":94,"column":48}},{"start":{"line":95,"column":22},"end":{"line":95,"column":null}}]},"3":{"loc":{"start":{"line":94,"column":22},"end":{"line":94,"column":44}},"type":"cond-expr","locations":[{"start":{"line":94,"column":36},"end":{"line":94,"column":38}},{"start":{"line":94,"column":36},"end":{"line":94,"column":44}}]},"4":{"loc":{"start":{"line":94,"column":22},"end":{"line":94,"column":38}},"type":"binary-expr","locations":[{"start":{"line":94,"column":22},"end":{"line":94,"column":38}},{"start":{"line":94,"column":36},"end":{"line":94,"column":38}}]},"5":{"loc":{"start":{"line":95,"column":22},"end":{"line":95,"column":44}},"type":"cond-expr","locations":[{"start":{"line":95,"column":36},"end":{"line":95,"column":38}},{"start":{"line":95,"column":36},"end":{"line":95,"column":44}}]},"6":{"loc":{"start":{"line":95,"column":22},"end":{"line":95,"column":38}},"type":"binary-expr","locations":[{"start":{"line":95,"column":22},"end":{"line":95,"column":38}},{"start":{"line":95,"column":36},"end":{"line":95,"column":38}}]},"7":{"loc":{"start":{"line":95,"column":47},"end":{"line":95,"column":64}},"type":"cond-expr","locations":[{"start":{"line":95,"column":56},"end":{"line":95,"column":58}},{"start":{"line":95,"column":47},"end":{"line":95,"column":64}}]},"8":{"loc":{"start":{"line":95,"column":47},"end":{"line":95,"column":58}},"type":"binary-expr","locations":[{"start":{"line":95,"column":47},"end":{"line":95,"column":58}},{"start":{"line":95,"column":47},"end":{"line":95,"column":58}}]},"9":{"loc":{"start":{"line":115,"column":34},"end":{"line":117,"column":64}},"type":"cond-expr","locations":[{"start":{"line":116,"column":26},"end":{"line":116,"column":66}},{"start":{"line":117,"column":26},"end":{"line":117,"column":64}}]}},"s":{"0":3,"1":3,"2":3,"3":3,"4":3,"5":3,"6":3,"7":3,"8":3,"9":3,"10":3,"11":3,"12":15,"13":15,"14":150,"15":15,"16":150,"17":150,"18":0,"19":3},"f":{"0":15,"1":150,"2":150,"3":0},"b":{"0":[0,150],"1":[150,150],"2":[15,3],"3":[0,15],"4":[15,15],"5":[0,3],"6":[3,3],"7":[0,3],"8":[3,3],"9":[3,147]}}
,"/Users/suraj/Documents/GitHub/bootcamp-jan-B2-seeder/src/Component/organism/Summary/index.tsx": {"path":"/Users/suraj/Documents/GitHub/bootcamp-jan-B2-seeder/src/Component/organism/Summary/index.tsx","statementMap":{"0":{"start":{"line":2,"column":0},"end":{"line":2,"column":46}},"1":{"start":{"line":3,"column":0},"end":{"line":3,"column":61}},"2":{"start":{"line":4,"column":0},"end":{"line":4,"column":46}},"3":{"start":{"line":5,"column":0},"end":{"line":5,"column":56}},"4":{"start":{"line":6,"column":0},"end":{"line":6,"column":59}},"5":{"start":{"line":7,"column":0},"end":{"line":7,"column":71}},"6":{"start":{"line":8,"column":0},"end":{"line":8,"column":57}},"7":{"start":{"line":24,"column":16},"end":{"line":61,"column":1}},"8":{"start":{"line":25,"column":19},"end":{"line":25,"column":32}},"9":{"start":{"line":26,"column":21},"end":{"line":35,"column":3}},"10":{"start":{"line":27,"column":4},"end":{"line":34,"column":null}},"11":{"start":{"line":37,"column":2},"end":{"line":60,"column":null}},"12":{"start":{"line":63,"column":0},"end":{"line":63,"column":null}}},"fnMap":{"0":{"name":"(anonymous_3)","decl":{"start":{"line":24,"column":16},"end":{"line":24,"column":17}},"loc":{"start":{"line":24,"column":36},"end":{"line":61,"column":1}}},"1":{"name":"(anonymous_4)","decl":{"start":{"line":26,"column":21},"end":{"line":26,"column":null}},"loc":{"start":{"line":26,"column":21},"end":{"line":35,"column":3}}}},"branchMap":{},"s":{"0":3,"1":3,"2":3,"3":3,"4":3,"5":3,"6":3,"7":3,"8":17,"9":17,"10":0,"11":17,"12":3},"f":{"0":17,"1":0},"b":{}}
}
