TN:
SF:Themes/index.ts
FNF:0
FNH:0
DA:1,30
DA:40,30
DA:247,30
LF:3
LH:3
BRF:0
BRH:0
end_of_record
TN:
SF:data/TableData.tsx
FNF:0
FNH:0
DA:2,4
LF:1
LH:1
BRF:0
BRH:0
end_of_record
TN:
SF:public/Asset/Images/ChequeImg.svg
FNF:0
FNH:0
DA:1,2
LF:1
LH:1
BRF:0
BRH:0
end_of_record
TN:
SF:public/Asset/Images/SeederLogo.svg
FNF:0
FNH:0
DA:1,6
LF:1
LH:1
BRF:0
BRH:0
end_of_record
TN:
SF:public/Asset/Images/Text Button.svg
FNF:0
FNH:0
DA:1,2
LF:1
LH:1
BRF:0
BRH:0
end_of_record
TN:
SF:public/Asset/Images/arrow-bottom.svg
FNF:0
FNH:0
DA:1,1
LF:1
LH:1
BRF:0
BRH:0
end_of_record
TN:
SF:public/Asset/Images/avatar+icon.svg
FNF:0
FNH:0
DA:1,8
LF:1
LH:1
BRF:0
BRH:0
end_of_record
TN:
SF:public/Asset/Images/calendar.svg
FNF:0
FNH:0
DA:1,3
LF:1
LH:1
BRF:0
BRH:0
end_of_record
TN:
SF:public/Asset/Images/checked_icon.svg
FNF:0
FNH:0
DA:1,3
LF:1
LH:1
BRF:0
BRH:0
end_of_record
TN:
SF:public/Asset/Images/circular-progress.svg
FNF:0
FNH:0
DA:1,1
LF:1
LH:1
BRF:0
BRH:0
end_of_record
TN:
SF:public/Asset/Images/coin.svg
FNF:0
FNH:0
DA:1,6
LF:1
LH:1
BRF:0
BRH:0
end_of_record
TN:
SF:public/Asset/Images/document-download.svg
FNF:0
FNH:0
DA:1,3
LF:1
LH:1
BRF:0
BRH:0
end_of_record
TN:
SF:public/Asset/Images/flash.svg
FNF:0
FNH:0
DA:1,6
LF:1
LH:1
BRF:0
BRH:0
end_of_record
TN:
SF:public/Asset/Images/home.svg
FNF:0
FNH:0
DA:1,6
LF:1
LH:1
BRF:0
BRH:0
end_of_record
TN:
SF:public/Asset/Images/homepage.svg
FNF:0
FNH:0
DA:1,3
LF:1
LH:1
BRF:0
BRH:0
end_of_record
TN:
SF:public/Asset/Images/info-circle.svg
FNF:0
FNH:0
DA:1,2
LF:1
LH:1
BRF:0
BRH:0
end_of_record
TN:
SF:public/Asset/Images/minus-square.svg
FNF:0
FNH:0
DA:1,3
LF:1
LH:1
BRF:0
BRH:0
end_of_record
TN:
SF:public/Asset/Images/percentage-square.svg
FNF:0
FNH:0
DA:1,3
LF:1
LH:1
BRF:0
BRH:0
end_of_record
TN:
SF:public/Asset/Images/receipt-text.svg
FNF:0
FNH:0
DA:1,2
LF:1
LH:1
BRF:0
BRH:0
end_of_record
TN:
SF:public/Asset/Images/refresh-2.svg
FNF:0
FNH:0
DA:1,2
LF:1
LH:1
BRF:0
BRH:0
end_of_record
TN:
SF:public/Asset/Images/review-gif.svg
FNF:0
FNH:0
DA:1,1
LF:1
LH:1
BRF:0
BRH:0
end_of_record
TN:
SF:public/Asset/Images/tag.svg
FNF:0
FNH:0
DA:1,2
LF:1
LH:1
BRF:0
BRH:0
end_of_record
TN:
SF:public/Asset/Images/unchecked_icon.svg
FNF:0
FNH:0
DA:1,3
LF:1
LH:1
BRF:0
BRH:0
end_of_record
TN:
SF:src/StyleComponent.tsx
FNF:0
FNH:0
DA:1,29
DA:3,29
DA:5,29
DA:7,29
DA:13,29
DA:20,29
DA:28,29
DA:36,29
DA:44,29
DA:50,29
DA:57,29
DA:64,29
DA:72,29
DA:79,29
DA:83,29
DA:89,29
DA:98,29
DA:106,29
DA:111,29
DA:123,29
DA:132,29
DA:142,29
DA:149,29
DA:154,29
DA:171,29
DA:186,29
DA:193,29
DA:199,29
DA:206,29
DA:216,29
DA:226,29
DA:234,29
DA:244,29
DA:247,29
DA:252,29
DA:256,29
DA:260,29
DA:268,29
DA:282,29
DA:288,29
DA:296,29
DA:305,29
DA:337,29
DA:343,29
DA:351,29
DA:358,29
DA:366,29
DA:371,29
DA:376,29
DA:392,29
DA:408,29
DA:414,29
DA:419,29
DA:425,29
DA:432,29
DA:447,29
DA:460,29
DA:476,29
DA:487,29
LF:59
LH:59
BRDA:13,0,0,29
BRDA:13,0,1,29
BRDA:20,1,0,29
BRDA:20,1,1,29
BRDA:28,2,0,29
BRDA:28,2,1,29
BRDA:36,3,0,29
BRDA:36,3,1,29
BRDA:44,4,0,29
BRDA:44,4,1,29
BRDA:50,5,0,29
BRDA:50,5,1,29
BRDA:57,6,0,29
BRDA:57,6,1,29
BRDA:64,7,0,29
BRDA:64,7,1,29
BRDA:72,8,0,29
BRDA:72,8,1,29
BRDA:79,9,0,29
BRDA:79,9,1,29
BRDA:83,10,0,29
BRDA:83,10,1,29
BRDA:89,11,0,29
BRDA:89,11,1,29
BRDA:98,12,0,29
BRDA:98,12,1,29
BRDA:106,13,0,29
BRDA:106,13,1,29
BRDA:111,14,0,29
BRDA:111,14,1,29
BRDA:123,15,0,29
BRDA:123,15,1,29
BRDA:132,16,0,29
BRDA:132,16,1,29
BRDA:142,17,0,29
BRDA:142,17,1,29
BRDA:149,18,0,29
BRDA:149,18,1,29
BRDA:154,19,0,29
BRDA:154,19,1,29
BRDA:171,20,0,29
BRDA:171,20,1,29
BRDA:186,21,0,29
BRDA:186,21,1,29
BRDA:193,22,0,29
BRDA:193,22,1,29
BRDA:199,23,0,29
BRDA:199,23,1,29
BRDA:206,24,0,29
BRDA:206,24,1,29
BRDA:216,25,0,29
BRDA:216,25,1,29
BRDA:351,26,0,29
BRDA:351,26,1,29
BRDA:358,27,0,29
BRDA:358,27,1,29
BRDA:366,28,0,29
BRDA:366,28,1,29
BRDA:371,29,0,29
BRDA:371,29,1,29
BRDA:376,30,0,29
BRDA:376,30,1,29
BRDA:392,31,0,29
BRDA:392,31,1,29
BRDA:408,32,0,29
BRDA:408,32,1,29
BRDA:414,33,0,29
BRDA:414,33,1,29
BRDA:419,34,0,29
BRDA:419,34,1,29
BRDA:425,35,0,29
BRDA:425,35,1,29
BRF:72
BRH:72
end_of_record
TN:
SF:src/Component/Template/CashAcclerationPage/index.tsx
FN:15,(anonymous_1)
FNF:1
FNH:0
FNDA:0,(anonymous_1)
DA:1,1
DA:2,1
DA:3,1
DA:4,1
DA:5,1
DA:6,1
DA:7,1
DA:15,1
DA:16,0
DA:36,1
LF:10
LH:9
BRF:0
BRH:0
end_of_record
TN:
SF:src/Component/Template/HomePage/index.tsx
FN:25,(anonymous_1)
FNF:1
FNH:1
FNDA:1,(anonymous_1)
DA:1,1
DA:2,1
DA:3,1
DA:4,1
DA:5,1
DA:6,1
DA:7,1
DA:8,1
DA:9,1
DA:12,1
DA:25,1
DA:26,1
DA:27,1
DA:32,1
DA:51,1
LF:15
LH:15
BRDA:35,0,0,1
BRDA:35,0,1,0
BRDA:45,1,0,0
BRDA:45,1,1,0
BRF:4
BRH:1
end_of_record
TN:
SF:src/Component/Template/HomePage1/index.tsx
FN:14,(anonymous_1)
FNF:1
FNH:1
FNDA:1,(anonymous_1)
DA:1,1
DA:2,1
DA:3,1
DA:4,1
DA:5,1
DA:6,1
DA:7,1
DA:9,1
DA:14,1
DA:15,1
DA:29,1
LF:11
LH:11
BRF:0
BRH:0
end_of_record
TN:
SF:src/Component/Template/NewCashKick/index.tsx
FN:10,(anonymous_8)
FN:19,(anonymous_9)
FN:26,(anonymous_10)
FN:35,(anonymous_11)
FN:42,(anonymous_12)
FN:49,(anonymous_13)
FN:50,(anonymous_14)
FN:52,(anonymous_15)
FN:54,(anonymous_16)
FN:59,(anonymous_17)
FN:66,(anonymous_18)
FN:68,(anonymous_19)
FN:70,(anonymous_20)
FN:74,(anonymous_21)
FN:82,(anonymous_23)
FN:98,(anonymous_25)
FN:101,(anonymous_26)
FN:113,(anonymous_27)
FNF:18
FNH:6
FNDA:12,(anonymous_8)
FNDA:0,(anonymous_9)
FNDA:0,(anonymous_10)
FNDA:0,(anonymous_11)
FNDA:0,(anonymous_12)
FNDA:6,(anonymous_13)
FNDA:60,(anonymous_14)
FNDA:60,(anonymous_15)
FNDA:60,(anonymous_16)
FNDA:0,(anonymous_17)
FNDA:0,(anonymous_18)
FNDA:0,(anonymous_19)
FNDA:0,(anonymous_20)
FNDA:0,(anonymous_21)
FNDA:0,(anonymous_23)
FNDA:0,(anonymous_25)
FNDA:0,(anonymous_26)
FNDA:1,(anonymous_27)
DA:1,2
DA:2,2
DA:3,2
DA:4,2
DA:6,2
DA:7,2
DA:8,2
DA:10,2
DA:11,12
DA:12,12
DA:13,12
DA:16,12
DA:17,12
DA:19,12
DA:20,0
DA:21,0
DA:22,0
DA:23,0
DA:24,0
DA:25,0
DA:26,0
DA:27,0
DA:29,0
DA:30,0
DA:31,0
DA:35,12
DA:39,0
DA:40,0
DA:42,0
DA:44,0
DA:45,0
DA:49,12
DA:50,60
DA:51,6
DA:52,60
DA:53,6
DA:54,6
DA:55,60
DA:57,6
DA:58,6
DA:59,6
DA:60,0
DA:62,6
DA:63,6
DA:66,12
DA:67,0
DA:68,0
DA:69,0
DA:70,0
DA:73,0
DA:75,0
DA:79,0
DA:80,0
DA:81,0
DA:82,0
DA:83,0
DA:84,0
DA:85,0
DA:86,0
DA:87,0
DA:88,0
DA:92,0
DA:93,0
DA:94,0
DA:95,0
DA:96,0
DA:97,0
DA:98,0
DA:100,0
DA:101,0
DA:102,0
DA:108,0
DA:109,0
DA:110,0
DA:113,12
DA:114,1
DA:115,1
DA:117,12
DA:142,2
LF:79
LH:33
BRDA:20,0,0,0
BRDA:20,0,1,0
BRDA:20,1,0,0
BRDA:20,1,1,0
BRDA:20,2,0,0
BRDA:20,2,1,0
BRDA:24,3,0,0
BRDA:24,3,1,0
BRDA:39,4,0,0
BRDA:39,4,1,0
BRDA:44,5,0,0
BRDA:44,5,1,0
BRDA:44,6,0,0
BRDA:44,6,1,0
BRDA:44,7,0,0
BRDA:44,7,1,0
BRDA:44,8,0,0
BRDA:44,8,1,0
BRDA:50,9,0,0
BRDA:50,9,1,60
BRDA:50,10,0,60
BRDA:50,10,1,60
BRDA:52,11,0,0
BRDA:52,11,1,60
BRDA:52,12,0,60
BRDA:52,12,1,60
BRDA:68,13,0,0
BRDA:68,13,1,0
BRDA:68,14,0,0
BRDA:68,14,1,0
BRDA:75,15,0,0
BRDA:75,15,1,0
BRDA:75,16,0,0
BRDA:75,16,1,0
BRDA:75,17,0,0
BRDA:75,17,1,0
BRDA:79,18,0,0
BRDA:79,18,1,0
BRDA:81,19,0,0
BRDA:81,19,1,0
BRDA:81,20,0,0
BRDA:81,20,1,0
BRDA:83,21,0,0
BRDA:80,22,0,0
BRDA:80,22,1,0
BRDA:80,23,0,0
BRDA:80,23,1,0
BRDA:80,24,0,0
BRDA:80,24,1,0
BRDA:94,25,0,0
BRDA:98,26,0,0
BRDA:98,26,1,0
BRDA:98,27,0,0
BRDA:98,27,1,0
BRDA:92,28,0,0
BRDA:92,28,1,0
BRDA:92,29,0,0
BRDA:92,29,1,0
BRDA:92,30,0,0
BRDA:92,30,1,0
BRDA:109,31,0,0
BRDA:109,31,1,0
BRDA:109,32,0,0
BRDA:109,32,1,0
BRDA:109,33,0,0
BRDA:109,33,1,0
BRDA:109,34,0,0
BRDA:109,34,1,0
BRF:68
BRH:6
end_of_record
TN:
SF:src/Component/atoms/Avatar/index.tsx
FN:10,(anonymous_0)
FNF:1
FNH:1
FNDA:8,(anonymous_0)
DA:1,3
DA:10,8
DA:11,6
DA:23,3
LF:4
LH:4
BRF:0
BRH:0
end_of_record
TN:
SF:src/Component/atoms/Button/index.tsx
FN:4,(anonymous_2)
FNF:1
FNH:1
FNDA:74,(anonymous_2)
DA:2,10
DA:4,10
DA:5,74
DA:6,74
DA:7,74
DA:8,74
DA:9,74
DA:10,74
DA:11,74
DA:12,74
DA:14,74
DA:29,10
LF:12
LH:12
BRDA:6,0,0,73
BRDA:6,0,1,1
BRDA:7,1,0,11
BRDA:7,1,1,63
BRDA:8,2,0,73
BRDA:8,2,1,1
BRDA:10,3,0,10
BRDA:10,3,1,64
BRF:8
BRH:8
end_of_record
TN:
SF:src/Component/atoms/Checkbox/index.tsx
FN:11,(anonymous_0)
FN:20,(anonymous_1)
FNF:2
FNH:2
FNDA:6,(anonymous_0)
FNDA:2,(anonymous_1)
DA:1,1
DA:2,1
DA:11,1
DA:12,6
DA:13,6
DA:14,6
DA:15,6
DA:16,6
DA:18,6
DA:20,6
DA:21,2
DA:22,2
DA:23,2
DA:26,6
DA:42,1
LF:15
LH:15
BRDA:15,0,0,6
BRDA:15,0,1,0
BRDA:16,1,0,5
BRDA:16,1,1,1
BRF:4
BRH:3
end_of_record
TN:
SF:src/Component/atoms/Chips/index.tsx
FN:5,(anonymous_0)
FNF:1
FNH:1
FNDA:4,(anonymous_0)
DA:1,1
DA:5,4
DA:6,4
LF:3
LH:3
BRF:0
BRH:0
end_of_record
TN:
SF:src/Component/atoms/Images/index.tsx
FN:8,(anonymous_0)
FNF:1
FNH:1
FNDA:309,(anonymous_0)
DA:8,20
DA:9,309
DA:19,20
LF:3
LH:3
BRF:0
BRH:0
end_of_record
TN:
SF:src/Component/atoms/Slider/index.tsx
FN:40,(anonymous_3)
FNF:1
FNH:1
FNDA:19,(anonymous_3)
DA:1,5
DA:3,5
DA:4,5
DA:5,5
DA:22,5
DA:40,19
DA:41,19
DA:43,19
DA:60,5
LF:9
LH:9
BRF:0
BRH:0
end_of_record
TN:
SF:src/Component/atoms/TextFieldCom/index.tsx
FN:19,(anonymous_3)
FN:23,(anonymous_4)
FNF:2
FNH:1
FNDA:2,(anonymous_3)
FNDA:0,(anonymous_4)
DA:1,1
DA:2,1
DA:3,1
DA:4,1
DA:5,1
DA:6,1
DA:8,1
DA:19,2
DA:20,2
DA:21,2
DA:23,2
DA:24,0
DA:28,2
DA:71,1
LF:14
LH:13
BRDA:19,0,0,1
BRDA:19,0,1,1
BRDA:39,1,0,1
BRDA:39,1,1,1
BRDA:43,2,0,2
BRDA:43,2,1,1
BRDA:48,3,0,2
BRDA:48,3,1,0
BRDA:51,4,0,2
BRDA:51,4,1,0
BRDA:58,5,0,2
BRDA:58,5,1,1
BRF:12
BRH:10
end_of_record
TN:
SF:src/Component/atoms/Typography/index.tsx
FN:20,(anonymous_2)
FNF:1
FNH:1
FNDA:502,(anonymous_2)
DA:1,27
DA:20,27
DA:21,502
DA:29,27
LF:4
LH:4
BRF:0
BRH:0
end_of_record
TN:
SF:src/Component/molecules/AvatarMolecule/index.tsx
FN:4,(anonymous_1)
FNF:1
FNH:1
FNDA:6,(anonymous_1)
DA:1,2
DA:2,2
DA:4,2
DA:5,6
DA:18,2
LF:5
LH:5
BRF:0
BRH:0
end_of_record
TN:
SF:src/Component/molecules/ButtonCashAccleration/index.tsx
FN:9,(anonymous_2)
FNF:1
FNH:1
FNDA:5,(anonymous_2)
DA:2,3
DA:9,5
DA:10,5
LF:3
LH:3
BRF:0
BRH:0
end_of_record
TN:
SF:src/Component/molecules/CardAcclerationMolecule/index.tsx
FN:12,(anonymous_3)
FNF:1
FNH:1
FNDA:6,(anonymous_3)
DA:2,4
DA:3,4
DA:4,4
DA:5,4
DA:12,6
DA:13,6
DA:39,4
LF:7
LH:7
BRF:0
BRH:0
end_of_record
TN:
SF:src/Component/molecules/CashAcclerationTable/index.tsx
FN:11,(anonymous_2)
FNF:1
FNH:1
FNDA:4,(anonymous_2)
DA:1,1
DA:11,1
DA:12,4
DA:126,1
LF:4
LH:4
BRF:0
BRH:0
end_of_record
TN:
SF:src/Component/molecules/GreetingMolecule/index.tsx
FN:8,(anonymous_1)
FNF:1
FNH:1
FNDA:6,(anonymous_1)
DA:1,3
DA:2,3
DA:8,3
DA:9,6
DA:23,3
LF:5
LH:5
BRF:0
BRH:0
end_of_record
TN:
SF:src/Component/molecules/HeadingMolecule/index.tsx
FN:12,(anonymous_3)
FNF:1
FNH:1
FNDA:42,(anonymous_3)
DA:2,9
DA:3,9
DA:4,9
DA:5,9
DA:12,42
DA:13,42
DA:28,9
LF:7
LH:7
BRF:0
BRH:0
end_of_record
TN:
SF:src/Component/molecules/HomeButton/index.tsx
FN:18,(anonymous_3)
FN:24,(anonymous_4)
FN:57,(anonymous_5)
FNF:3
FNH:3
FNDA:31,(anonymous_3)
FNDA:1,(anonymous_4)
FNDA:1,(anonymous_5)
DA:1,6
DA:2,6
DA:3,6
DA:4,6
DA:5,6
DA:6,6
DA:7,6
DA:8,6
DA:18,6
DA:19,31
DA:20,21
DA:22,21
DA:24,21
DA:25,1
DA:26,1
DA:27,1
DA:31,21
DA:57,1
DA:121,6
LF:19
LH:19
BRDA:25,0,0,1
BRF:1
BRH:1
end_of_record
TN:
SF:src/Component/molecules/HomeTable/index.tsx
FN:21,(anonymous_3)
FNF:1
FNH:1
FNDA:5,(anonymous_3)
DA:1,2
DA:11,2
DA:12,2
DA:13,2
DA:14,2
DA:15,2
DA:17,2
DA:21,2
DA:22,5
DA:83,2
LF:10
LH:10
BRF:0
BRH:0
end_of_record
TN:
SF:src/Component/molecules/HomeTableG/index.tsx
FN:14,(anonymous_3)
FNF:1
FNH:1
FNDA:5,(anonymous_3)
DA:2,3
DA:11,3
DA:12,3
DA:14,3
DA:15,5
DA:116,3
LF:6
LH:6
BRF:0
BRH:0
end_of_record
TN:
SF:src/Component/molecules/LaunchCashKickButton/index.tsx
FN:24,(anonymous_3)
FN:39,(anonymous_4)
FNF:2
FNH:1
FNDA:12,(anonymous_3)
FNDA:0,(anonymous_4)
DA:1,5
DA:2,5
DA:3,5
DA:5,5
DA:24,5
DA:25,12
DA:26,7
DA:39,0
DA:47,5
LF:9
LH:8
BRF:0
BRH:0
end_of_record
TN:
SF:src/Component/molecules/LaunchCashKickText/index.tsx
FN:11,(anonymous_3)
FNF:1
FNH:1
FNDA:19,(anonymous_3)
DA:2,5
DA:4,5
DA:8,5
DA:9,5
DA:11,5
DA:12,19
DA:13,5
DA:16,5
DA:17,5
DA:19,0
DA:22,5
DA:35,5
LF:12
LH:11
BRDA:13,0,0,5
BRDA:13,0,1,0
BRDA:13,1,0,5
BRDA:13,1,1,0
BRDA:16,2,0,5
BRDA:16,2,1,0
BRF:6
BRH:3
end_of_record
TN:
SF:src/Component/molecules/ModalHeader/index.tsx
FN:12,(anonymous_3)
FNF:1
FNH:1
FNDA:2,(anonymous_3)
DA:2,2
DA:3,2
DA:4,2
DA:12,2
DA:13,2
LF:5
LH:5
BRF:0
BRH:0
end_of_record
TN:
SF:src/Component/molecules/NavContent/index.tsx
FN:28,(anonymous_3)
FNF:1
FNH:1
FNDA:3,(anonymous_3)
DA:2,1
DA:3,1
DA:5,1
DA:28,3
DA:29,3
DA:48,1
LF:6
LH:6
BRF:0
BRH:0
end_of_record
TN:
SF:src/Component/molecules/SeederLogo/index.tsx
FN:26,(anonymous_3)
FNF:1
FNH:1
FNDA:22,(anonymous_3)
DA:1,6
DA:2,6
DA:3,6
DA:4,6
DA:5,6
DA:7,6
DA:26,6
DA:27,22
DA:39,6
LF:9
LH:9
BRF:0
BRH:0
end_of_record
TN:
SF:src/Component/molecules/SliderChanger/index.tsx
FN:41,(anonymous_3)
FNF:1
FNH:1
FNDA:19,(anonymous_3)
DA:2,4
DA:3,4
DA:4,4
DA:5,4
DA:10,4
DA:12,4
DA:16,4
DA:41,4
DA:42,19
DA:86,4
LF:10
LH:10
BRF:0
BRH:0
end_of_record
TN:
SF:src/Component/molecules/SummaryPayment/index.tsx
FN:18,(anonymous_3)
FNF:1
FNH:1
FNDA:19,(anonymous_3)
DA:1,4
DA:2,4
DA:3,4
DA:11,4
DA:18,4
DA:19,19
DA:64,4
LF:7
LH:7
BRF:0
BRH:0
end_of_record
TN:
SF:src/Component/molecules/SummaryPaymentButton/index.tsx
FN:15,(anonymous_3)
FNF:1
FNH:1
FNDA:18,(anonymous_3)
DA:3,4
DA:4,4
DA:5,4
DA:15,4
DA:16,18
DA:32,4
LF:6
LH:6
BRF:0
BRH:0
end_of_record
TN:
SF:src/Component/molecules/SummaryTerm/index.tsx
FN:13,(anonymous_3)
FNF:1
FNH:1
FNDA:21,(anonymous_3)
DA:1,4
DA:2,4
DA:7,4
DA:13,4
DA:14,21
DA:39,4
LF:6
LH:6
BRDA:32,0,0,0
BRDA:32,0,1,21
BRDA:32,1,0,21
BRDA:32,1,1,21
BRF:4
BRH:3
end_of_record
TN:
SF:src/Component/molecules/TableNavBar/index.tsx
FN:17,(anonymous_3)
FNF:1
FNH:1
FNDA:23,(anonymous_3)
DA:1,6
DA:2,6
DA:3,6
DA:8,6
DA:9,6
DA:17,6
DA:18,23
DA:40,6
LF:8
LH:8
BRF:0
BRH:0
end_of_record
TN:
SF:src/Component/organism/AvatarOrg/index.tsx
FN:10,(anonymous_3)
FNF:1
FNH:1
FNDA:4,(anonymous_3)
DA:1,1
DA:2,1
DA:3,1
DA:4,1
DA:5,1
DA:10,1
DA:11,4
DA:19,1
LF:8
LH:8
BRF:0
BRH:0
end_of_record
TN:
SF:src/Component/organism/CashAcclerationCard/index.tsx
FN:9,(anonymous_1)
FNF:1
FNH:1
FNDA:10,(anonymous_1)
DA:2,3
DA:3,3
DA:4,3
DA:5,3
DA:6,3
DA:7,3
DA:9,3
DA:10,10
DA:11,1
DA:14,1
DA:15,1
DA:17,0
DA:20,1
DA:43,3
LF:14
LH:13
BRDA:11,0,0,1
BRDA:11,0,1,0
BRDA:11,1,0,1
BRDA:11,1,1,0
BRDA:14,2,0,1
BRDA:14,2,1,0
BRF:6
BRH:3
end_of_record
TN:
SF:src/Component/organism/CashAcclerationTable/index.tsx
FN:46,(anonymous_3)
FN:49,(anonymous_4)
FN:53,(anonymous_5)
FN:69,(anonymous_6)
FN:152,(anonymous_7)
FNF:5
FNH:2
FNDA:1,(anonymous_3)
FNDA:0,(anonymous_4)
FNDA:0,(anonymous_5)
FNDA:10,(anonymous_6)
FNDA:0,(anonymous_7)
DA:1,2
DA:2,2
DA:3,2
DA:4,2
DA:5,2
DA:6,2
DA:7,2
DA:8,2
DA:10,2
DA:21,2
DA:22,2
DA:25,2
DA:46,2
DA:47,1
DA:49,1
DA:50,0
DA:53,1
DA:54,0
DA:57,1
DA:58,1
DA:64,1
DA:65,1
DA:66,1
DA:68,1
DA:69,1
DA:70,10
DA:74,1
DA:152,0
DA:208,2
LF:29
LH:26
BRDA:65,0,0,1
BRDA:65,0,1,0
BRDA:65,1,0,1
BRDA:65,1,1,0
BRDA:66,2,0,1
BRDA:66,2,1,0
BRDA:66,3,0,1
BRDA:66,3,1,0
BRDA:68,4,0,1
BRDA:68,4,1,0
BRDA:68,5,0,1
BRDA:68,5,1,0
BRDA:70,6,0,10
BRDA:70,6,1,0
BRDA:70,7,0,10
BRDA:70,7,1,10
BRDA:95,8,0,1
BRDA:95,8,1,0
BRF:18
BRH:10
end_of_record
TN:
SF:src/Component/organism/CashKickLanch/index.tsx
FN:34,(anonymous_3)
FN:43,(anonymous_4)
FN:53,(anonymous_5)
FN:62,(anonymous_6)
FN:95,(anonymous_7)
FNF:5
FNH:1
FNDA:9,(anonymous_3)
FNDA:0,(anonymous_4)
FNDA:0,(anonymous_5)
FNDA:0,(anonymous_6)
FNDA:0,(anonymous_7)
DA:2,1
DA:3,1
DA:5,1
DA:6,1
DA:7,1
DA:8,1
DA:9,1
DA:10,1
DA:11,1
DA:25,1
DA:34,1
DA:35,9
DA:36,8
DA:37,8
DA:38,8
DA:40,8
DA:41,0
DA:42,0
DA:43,0
DA:44,0
DA:46,0
DA:47,0
DA:48,0
DA:49,0
DA:50,0
DA:51,0
DA:53,0
DA:54,0
DA:62,0
DA:63,0
DA:70,0
DA:78,0
DA:95,0
DA:151,1
LF:34
LH:17
BRDA:47,0,0,0
BRDA:47,0,1,0
BRDA:47,1,0,0
BRDA:47,1,1,0
BRDA:48,2,0,0
BRDA:48,2,1,0
BRDA:48,3,0,0
BRDA:48,3,1,0
BRDA:49,4,0,0
BRDA:49,4,1,0
BRDA:49,5,0,0
BRDA:49,5,1,0
BRF:12
BRH:0
end_of_record
TN:
SF:src/Component/organism/Greeting/index.tsx
FN:4,(anonymous_1)
FNF:1
FNH:1
FNDA:4,(anonymous_1)
DA:1,2
DA:2,2
DA:4,2
DA:5,4
DA:12,2
LF:5
LH:5
BRF:0
BRH:0
end_of_record
TN:
SF:src/Component/organism/HomeTable/index.tsx
FN:4,(anonymous_3)
FNF:1
FNH:1
FNDA:1,(anonymous_3)
DA:1,1
DA:2,1
DA:4,1
DA:5,1
DA:12,1
LF:5
LH:5
BRF:0
BRH:0
end_of_record
TN:
SF:src/Component/organism/HomeTableG/index.tsx
FN:5,(anonymous_3)
FNF:1
FNH:1
FNDA:2,(anonymous_3)
DA:1,2
DA:2,2
DA:3,2
DA:5,2
DA:6,2
DA:14,2
LF:6
LH:6
BRF:0
BRH:0
end_of_record
TN:
SF:src/Component/organism/InfoCircle/index.tsx
FN:10,(anonymous_3)
FNF:1
FNH:1
FNDA:1,(anonymous_3)
DA:1,1
DA:2,1
DA:3,1
DA:4,1
DA:5,1
DA:6,1
DA:7,1
DA:8,1
DA:10,1
DA:11,1
DA:12,1
DA:15,1
DA:16,1
DA:18,0
DA:20,1
DA:41,1
LF:16
LH:15
BRDA:12,0,0,1
BRDA:12,0,1,0
BRDA:12,1,0,1
BRDA:12,1,1,0
BRDA:15,2,0,1
BRDA:15,2,1,0
BRF:6
BRH:3
end_of_record
TN:
SF:src/Component/organism/LanchCashG/index.tsx
FN:6,(anonymous_1)
FNF:1
FNH:1
FNDA:5,(anonymous_1)
DA:1,2
DA:2,2
DA:3,2
DA:6,2
DA:7,5
DA:15,2
LF:6
LH:6
BRF:0
BRH:0
end_of_record
TN:
SF:src/Component/organism/LaunchCashKick/index.tsx
FN:6,(anonymous_1)
FNF:1
FNH:1
FNDA:3,(anonymous_1)
DA:1,2
DA:2,2
DA:3,2
DA:6,2
DA:7,3
DA:15,2
LF:6
LH:6
BRF:0
BRH:0
end_of_record
TN:
SF:src/Component/organism/Navbar/index.tsx
FN:4,(anonymous_1)
FN:22,(anonymous_2)
FNF:2
FNH:2
FNDA:6,(anonymous_1)
FNDA:6,(anonymous_2)
DA:2,3
DA:4,3
DA:5,6
DA:9,6
DA:10,1
DA:11,5
DA:12,5
DA:14,0
DA:16,6
DA:19,6
DA:22,3
DA:23,6
DA:24,6
DA:34,3
LF:14
LH:13
BRDA:9,0,0,1
BRDA:9,0,1,5
BRDA:11,1,0,5
BRDA:11,1,1,0
BRF:4
BRH:3
end_of_record
TN:
SF:src/Component/organism/NewCashKickNavBar/index.tsx
FN:6,(anonymous_3)
FNF:1
FNH:1
FNDA:15,(anonymous_3)
DA:1,3
DA:2,3
DA:3,3
DA:4,3
DA:6,3
DA:7,15
DA:27,3
LF:7
LH:7
BRF:0
BRH:0
end_of_record
TN:
SF:src/Component/organism/ReportOrg/index.tsx
FN:10,(anonymous_3)
FNF:1
FNH:1
FNDA:3,(anonymous_3)
DA:1,2
DA:2,2
DA:3,2
DA:4,2
DA:5,2
DA:6,2
DA:7,2
DA:8,2
DA:10,2
DA:11,3
DA:32,2
LF:11
LH:11
BRF:0
BRH:0
end_of_record
TN:
SF:src/Component/organism/ReviewTable/index.tsx
FN:19,(anonymous_3)
FN:51,(anonymous_4)
FNF:2
FNH:2
FNDA:4,(anonymous_3)
FNDA:1,(anonymous_4)
DA:3,3
DA:12,3
DA:13,3
DA:19,3
DA:20,4
DA:21,4
DA:52,1
DA:102,3
LF:8
LH:8
BRDA:51,0,0,0
BRDA:51,0,1,4
BRDA:51,1,0,4
BRDA:51,1,1,4
BRF:4
BRH:3
end_of_record
TN:
SF:src/Component/organism/SideBar/index.tsx
FN:5,(anonymous_1)
FNF:1
FNH:1
FNDA:20,(anonymous_1)
DA:1,5
DA:2,5
DA:3,5
DA:5,5
DA:6,20
DA:14,5
LF:6
LH:6
BRF:0
BRH:0
end_of_record
TN:
SF:src/Component/organism/SliderTable/index.tsx
FN:40,(anonymous_3)
FN:42,(anonymous_4)
FN:107,(anonymous_5)
FN:141,(anonymous_6)
FNF:4
FNH:3
FNDA:15,(anonymous_3)
FNDA:150,(anonymous_4)
FNDA:150,(anonymous_5)
FNDA:0,(anonymous_6)
DA:1,3
DA:13,3
DA:14,3
DA:15,3
DA:17,3
DA:18,3
DA:19,3
DA:20,3
DA:21,3
DA:22,3
DA:24,3
DA:40,3
DA:41,15
DA:42,150
DA:44,15
DA:108,150
DA:110,150
DA:142,0
DA:162,3
LF:19
LH:18
BRDA:42,0,0,0
BRDA:42,0,1,150
BRDA:42,1,0,150
BRDA:42,1,1,150
BRDA:94,2,0,15
BRDA:94,2,1,3
BRDA:94,3,0,0
BRDA:94,3,1,15
BRDA:94,4,0,15
BRDA:94,4,1,15
BRDA:95,5,0,0
BRDA:95,5,1,3
BRDA:95,6,0,3
BRDA:95,6,1,3
BRDA:95,7,0,0
BRDA:95,7,1,3
BRDA:95,8,0,3
BRDA:95,8,1,3
BRDA:115,9,0,3
BRDA:115,9,1,147
BRF:20
BRH:16
end_of_record
TN:
SF:src/Component/organism/Summary/index.tsx
FN:24,(anonymous_3)
FN:26,(anonymous_4)
FNF:2
FNH:1
FNDA:17,(anonymous_3)
FNDA:0,(anonymous_4)
DA:2,3
DA:3,3
DA:4,3
DA:5,3
DA:6,3
DA:7,3
DA:8,3
DA:24,3
DA:25,17
DA:26,17
DA:27,0
DA:37,17
DA:63,3
LF:13
LH:12
BRF:0
BRH:0
end_of_record
